[0102/233706.087:ERROR:minidumpwritedump_with_crashpad_info.cc(452)] Failed to call MiniDumpWriteDump: Access is denied. (0x80070005)
[0102/233706.242:ERROR:minidumpwritedump_with_crashpad_info.cc(661)] Failed to write minidump file
[0102/233706.242:ERROR:crash_report_exception_handler.cc(132)] TryMiniDumpWriteDumpWithCrashpadInfo failed
[0102/233706.645:ERROR:process_memory_win.cc(73)] ReadMemory at 0x7ff628a30000 of 64 bytes failed: Only part of a ReadProcessMemory or WriteProcessMemory request was completed. (0x12B)
[0102/233706.689:WARNING:pe_image_reader.cc(340)] could not read dos header from C:\Program Files (x86)\Microsoft\Edge\Application\msedge.exe
[0102/233706.689:ERROR:process_memory_win.cc(73)] ReadMemory at 0x7ffc198d0000 of 64 bytes failed: Only part of a ReadProcessMemory or WriteProcessMemory request was completed. (0x12B)
[0102/233706.736:WARNING:pe_image_reader.cc(340)] could not read dos header from C:\Windows\SYSTEM32\ntdll.dll
[0102/233706.736:ERROR:process_memory_win.cc(73)] ReadMemory at 0x7ffc18aa0000 of 64 bytes failed: Only part of a ReadProcessMemory or WriteProcessMemory request was completed. (0x12B)
[0102/233706.736:WARNING:pe_image_reader.cc(340)] could not read dos header from C:\Windows\System32\KERNEL32.DLL
[0102/233706.736:ERROR:process_memory_win.cc(73)] ReadMemory at 0x7ffc174c0000 of 64 bytes failed: Only part of a ReadProcessMemory or WriteProcessMemory request was completed. (0x12B)
[0102/233706.736:WARNING:pe_image_reader.cc(340)] could not read dos header from C:\Windows\System32\KERNELBASE.dll
[0102/233706.736:ERROR:process_memory_win.cc(73)] ReadMemory at 0x7ffc18f70000 of 64 bytes failed: Only part of a ReadProcessMemory or WriteProcessMemory request was completed. (0x12B)
[0102/233706.736:WARNING:pe_image_reader.cc(340)] could not read dos header from C:\Windows\System32\ADVAPI32.dll
[0102/233706.737:ERROR:process_memory_win.cc(73)] ReadMemory at 0x7ffc19790000 of 64 bytes failed: Only part of a ReadProcessMemory or WriteProcessMemory request was completed. (0x12B)
[0102/233706.737:WARNING:pe_image_reader.cc(340)] could not read dos header from C:\Windows\System32\msvcrt.dll
[0102/233706.737:ERROR:process_memory_win.cc(73)] ReadMemory at 0x14526940000 of 64 bytes failed: Only part of a ReadProcessMemory or WriteProcessMemory request was completed. (0x12B)
[0102/233706.737:WARNING:pe_image_reader.cc(340)] could not read dos header from C:\Windows\System32\sechost.dll
[0102/233706.737:ERROR:process_memory_win.cc(73)] ReadMemory at 0x7ffc191d0000 of 64 bytes failed: Only part of a ReadProcessMemory or WriteProcessMemory request was completed. (0x12B)
[0102/233706.737:WARNING:pe_image_reader.cc(340)] could not read dos header from C:\Windows\System32\RPCRT4.dll
[0102/233706.737:ERROR:process_memory_win.cc(73)] ReadMemory at 0x7ffbd8d30000 of 64 bytes failed: Only part of a ReadProcessMemory or WriteProcessMemory request was completed. (0x12B)
[0102/233706.737:WARNING:pe_image_reader.cc(340)] could not read dos header from C:\Program Files (x86)\Microsoft\Edge\Application\85.0.564.67\msedge.dll
[0102/233706.737:ERROR:process_memory_win.cc(73)] ReadMemory at 0x7ffc18a00000 of 64 bytes failed: Only part of a ReadProcessMemory or WriteProcessMemory request was completed. (0x12B)
[0102/233706.738:WARNING:pe_image_reader.cc(340)] could not read dos header from C:\Windows\System32\WS2_32.dll
[0102/233706.738:ERROR:process_memory_win.cc(73)] ReadMemory at 0x7ffc19600000 of 64 bytes failed: Only part of a ReadProcessMemory or WriteProcessMemory request was completed. (0x12B)
[0102/233706.738:WARNING:pe_image_reader.cc(340)] could not read dos header from C:\Windows\System32\OLEAUT32.dll
[0102/233706.738:ERROR:process_memory_win.cc(73)] ReadMemory at 0x7ffc17890000 of 64 bytes failed: Only part of a ReadProcessMemory or WriteProcessMemory request was completed. (0x12B)
[0102/233706.738:WARNING:pe_image_reader.cc(340)] could not read dos header from C:\Windows\System32\msvcp_win.dll
[0102/233706.738:ERROR:process_memory_win.cc(73)] ReadMemory at 0x7ffc17220000 of 64 bytes failed: Only part of a ReadProcessMemory or WriteProcessMemory request was completed. (0x12B)
[0102/233706.738:WARNING:pe_image_reader.cc(340)] could not read dos header from C:\Windows\System32\ucrtbase.dll
[0102/233706.739:ERROR:process_memory_win.cc(73)] ReadMemory at 0x7ffc18c00000 of 64 bytes failed: Only part of a ReadProcessMemory or WriteProcessMemory request was completed. (0x12B)
[0102/233706.739:WARNING:pe_image_reader.cc(340)] could not read dos header from C:\Windows\System32\combase.dll
[0102/233706.739:ERROR:process_memory_win.cc(73)] ReadMemory at 0x7ffc17430000 of 64 bytes failed: Only part of a ReadProcessMemory or WriteProcessMemory request was completed. (0x12B)
[0102/233706.739:WARNING:pe_image_reader.cc(340)] could not read dos header from C:\Windows\System32\WINTRUST.dll
[0102/233706.739:ERROR:process_memory_win.cc(73)] ReadMemory at 0x7ffc170c0000 of 64 bytes failed: Only part of a ReadProcessMemory or WriteProcessMemory request was completed. (0x12B)
[0102/233706.739:WARNING:pe_image_reader.cc(340)] could not read dos header from C:\Windows\System32\CRYPT32.dll
[0102/233706.739:ERROR:process_memory_win.cc(73)] ReadMemory at 0x7ffc164a0000 of 64 bytes failed: Only part of a ReadProcessMemory or WriteProcessMemory request was completed. (0x12B)
[0102/233706.739:WARNING:pe_image_reader.cc(340)] could not read dos header from C:\Windows\SYSTEM32\IPHLPAPI.DLL
[0102/233706.740:ERROR:process_memory_win.cc(73)] ReadMemory at 0x7ffc078a0000 of 64 bytes failed: Only part of a ReadProcessMemory or WriteProcessMemory request was completed. (0x12B)
[0102/233706.740:WARNING:pe_image_reader.cc(340)] could not read dos header from C:\Windows\SYSTEM32\WINMM.dll
[0102/233706.740:ERROR:process_memory_win.cc(73)] ReadMemory at 0x7ffbffc00000 of 64 bytes failed: Only part of a ReadProcessMemory or WriteProcessMemory request was completed. (0x12B)
[0102/233706.740:WARNING:pe_image_reader.cc(340)] could not read dos header from C:\Windows\SYSTEM32\UIAutomationCore.DLL
[0102/233706.740:ERROR:process_memory_win.cc(73)] ReadMemory at 0x7ffc03b70000 of 64 bytes failed: Only part of a ReadProcessMemory or WriteProcessMemory request was completed. (0x12B)
[0102/233706.740:WARNING:pe_image_reader.cc(340)] could not read dos header from C:\Windows\SYSTEM32\Secur32.dll
[0102/233706.740:ERROR:process_memory_win.cc(73)] ReadMemory at 0x7ffc16f00000 of 64 bytes failed: Only part of a ReadProcessMemory or WriteProcessMemory request was completed. (0x12B)
[0102/233706.740:WARNING:pe_image_reader.cc(340)] could not read dos header from C:\Windows\SYSTEM32\USERENV.dll
[0102/233706.740:ERROR:process_memory_win.cc(73)] ReadMemory at 0x7ffc078d0000 of 64 bytes failed: Only part of a ReadProcessMemory or WriteProcessMemory request was completed. (0x12B)
[0102/233706.741:WARNING:pe_image_reader.cc(340)] could not read dos header from C:\Windows\SYSTEM32\WINHTTP.dll
[0102/233706.741:ERROR:process_memory_win.cc(73)] ReadMemory at 0x7ffc06110000 of 64 bytes failed: Only part of a ReadProcessMemory or WriteProcessMemory request was completed. (0x12B)
[0102/233706.741:WARNING:pe_image_reader.cc(340)] could not read dos header from C:\Windows\SYSTEM32\DWrite.dll
[0102/233706.741:ERROR:process_memory_win.cc(73)] ReadMemory at 0x7ffc09650000 of 64 bytes failed: Only part of a ReadProcessMemory or WriteProcessMemory request was completed. (0x12B)
[0102/233706.741:WARNING:pe_image_reader.cc(340)] could not read dos header from C:\Windows\SYSTEM32\WINSPOOL.DRV
[0102/233706.741:ERROR:process_memory_win.cc(73)] ReadMemory at 0x7ffc028e0000 of 64 bytes failed: Only part of a ReadProcessMemory or WriteProcessMemory request was completed. (0x12B)
[0102/233706.741:WARNING:pe_image_reader.cc(340)] could not read dos header from C:\Windows\SYSTEM32\dbghelp.dll
[0102/233706.741:ERROR:process_memory_win.cc(73)] ReadMemory at 0x7ffc16af0000 of 64 bytes failed: Only part of a ReadProcessMemory or WriteProcessMemory request was completed. (0x12B)
[0102/233706.741:WARNING:pe_image_reader.cc(340)] could not read dos header from C:\Windows\SYSTEM32\ncrypt.dll
[0102/233706.741:ERROR:process_memory_win.cc(73)] ReadMemory at 0x7ffc0d980000 of 64 bytes failed: Only part of a ReadProcessMemory or WriteProcessMemory request was completed. (0x12B)
[0102/233706.742:WARNING:pe_image_reader.cc(340)] could not read dos header from C:\Windows\SYSTEM32\dhcpcsvc.DLL
[0102/233706.742:ERROR:process_memory_win.cc(73)] ReadMemory at 0x7ffc12490000 of 64 bytes failed: Only part of a ReadProcessMemory or WriteProcessMemory request was completed. (0x12B)
[0102/233706.742:WARNING:pe_image_reader.cc(340)] could not read dos header from C:\Windows\SYSTEM32\PROPSYS.dll
[0102/233706.742:ERROR:process_memory_win.cc(73)] ReadMemory at 0x7ffc16ec0000 of 64 bytes failed: Only part of a ReadProcessMemory or WriteProcessMemory request was completed. (0x12B)
[0102/233706.742:WARNING:pe_image_reader.cc(340)] could not read dos header from C:\Windows\SYSTEM32\SSPICLI.DLL
[0102/233706.742:ERROR:process_memory_win.cc(73)] ReadMemory at 0x7ffc17490000 of 64 bytes failed: Only part of a ReadProcessMemory or WriteProcessMemory request was completed. (0x12B)
[0102/233706.742:WARNING:pe_image_reader.cc(340)] could not read dos header from C:\Windows\System32\BCRYPT.DLL
[0102/233706.743:ERROR:process_memory_win.cc(73)] ReadMemory at 0x7ffc16c00000 of 64 bytes failed: Only part of a ReadProcessMemory or WriteProcessMemory request was completed. (0x12B)
[0102/233706.743:WARNING:pe_image_reader.cc(340)] could not read dos header from C:\Windows\System32\MSASN1.dll
[0102/233706.743:ERROR:process_memory_win.cc(73)] ReadMemory at 0x7ffc17040000 of 64 bytes failed: Only part of a ReadProcessMemory or WriteProcessMemory request was completed. (0x12B)
[0102/233706.743:WARNING:pe_image_reader.cc(340)] could not read dos header from C:\Windows\System32\bcryptPrimitives.dll
[0102/233706.743:ERROR:process_memory_win.cc(73)] ReadMemory at 0x7ffc16ab0000 of 64 bytes failed: Only part of a ReadProcessMemory or WriteProcessMemory request was completed. (0x12B)
[0102/233706.743:WARNING:pe_image_reader.cc(340)] could not read dos header from C:\Windows\SYSTEM32\NTASN1.dll
[0102/233706.743:ERROR:process_memory_win.cc(73)] ReadMemory at 0x7ffc169f0000 of 64 bytes failed: Only part of a ReadProcessMemory or WriteProcessMemory request was completed. (0x12B)
[0102/233706.743:WARNING:pe_image_reader.cc(340)] could not read dos header from C:\Windows\SYSTEM32\CRYPTBASE.DLL
[0102/233706.744:ERROR:process_memory_win.cc(73)] ReadMemory at 0x7ffc16f40000 of 64 bytes failed: Only part of a ReadProcessMemory or WriteProcessMemory request was completed. (0x12B)
[0102/233706.744:WARNING:pe_image_reader.cc(340)] could not read dos header from C:\Windows\System32\profapi.dll
[0102/233706.747:ERROR:process_memory_win.cc(73)] ReadMemory at 0x7ff628a30000 of 64 bytes failed: Only part of a ReadProcessMemory or WriteProcessMemory request was completed. (0x12B)
[0102/233706.748:WARNING:pe_image_reader.cc(340)] could not read dos header from C:\Program Files (x86)\Microsoft\Edge\Application\msedge.exe
[0102/233706.751:ERROR:process_memory_win.cc(73)] ReadMemory at 0x7ff628a30000 of 64 bytes failed: Only part of a ReadProcessMemory or WriteProcessMemory request was completed. (0x12B)
[0102/233706.751:WARNING:pe_image_reader.cc(340)] could not read dos header from C:\Program Files (x86)\Microsoft\Edge\Application\msedge.exe
[0102/233706.752:ERROR:process_memory_win.cc(73)] ReadMemory at 0x7ffc198d0000 of 64 bytes failed: Only part of a ReadProcessMemory or WriteProcessMemory request was completed. (0x12B)
[0102/233706.752:WARNING:pe_image_reader.cc(340)] could not read dos header from C:\Windows\SYSTEM32\ntdll.dll
[0102/233706.752:ERROR:process_memory_win.cc(73)] ReadMemory at 0x7ffc198d0000 of 64 bytes failed: Only part of a ReadProcessMemory or WriteProcessMemory request was completed. (0x12B)
[0102/233706.752:WARNING:pe_image_reader.cc(340)] could not read dos header from C:\Windows\SYSTEM32\ntdll.dll
[0102/233706.753:ERROR:process_memory_win.cc(73)] ReadMemory at 0x7ffc18aa0000 of 64 bytes failed: Only part of a ReadProcessMemory or WriteProcessMemory request was completed. (0x12B)
[0102/233706.753:WARNING:pe_image_reader.cc(340)] could not read dos header from C:\Windows\System32\KERNEL32.DLL
[0102/233706.753:ERROR:process_memory_win.cc(73)] ReadMemory at 0x7ffc18aa0000 of 64 bytes failed: Only part of a ReadProcessMemory or WriteProcessMemory request was completed. (0x12B)
[0102/233706.753:WARNING:pe_image_reader.cc(340)] could not read dos header from C:\Windows\System32\KERNEL32.DLL
[0102/233706.753:ERROR:process_memory_win.cc(73)] ReadMemory at 0x7ffc174c0000 of 64 bytes failed: Only part of a ReadProcessMemory or WriteProcessMemory request was completed. (0x12B)
[0102/233706.753:WARNING:pe_image_reader.cc(340)] could not read dos header from C:\Windows\System32\KERNELBASE.dll
[0102/233706.754:ERROR:process_memory_win.cc(73)] ReadMemory at 0x7ffc174c0000 of 64 bytes failed: Only part of a ReadProcessMemory or WriteProcessMemory request was completed. (0x12B)
[0102/233706.754:WARNING:pe_image_reader.cc(340)] could not read dos header from C:\Windows\System32\KERNELBASE.dll
[0102/233706.754:ERROR:process_memory_win.cc(73)] ReadMemory at 0x7ffc12e90000 of 64 bytes failed: Only part of a ReadProcessMemory or WriteProcessMemory request was completed. (0x12B)
[0102/233706.754:WARNING:pe_image_reader.cc(340)] could not read dos header from C:\Program Files (x86)\Microsoft\Edge\Application\85.0.564.67\msedge_elf.dll
[0102/233706.754:ERROR:process_memory_win.cc(73)] ReadMemory at 0x7ffc12e90000 of 64 bytes failed: Only part of a ReadProcessMemory or WriteProcessMemory request was completed. (0x12B)
[0102/233706.754:WARNING:pe_image_reader.cc(340)] could not read dos header from C:\Program Files (x86)\Microsoft\Edge\Application\85.0.564.67\msedge_elf.dll
[0102/233706.754:ERROR:process_memory_win.cc(73)] ReadMemory at 0x7ffc18f70000 of 64 bytes failed: Only part of a ReadProcessMemory or WriteProcessMemory request was completed. (0x12B)
[0102/233706.754:WARNING:pe_image_reader.cc(340)] could not read dos header from C:\Windows\System32\ADVAPI32.dll
[0102/233706.755:ERROR:process_memory_win.cc(73)] ReadMemory at 0x7ffc18f70000 of 64 bytes failed: Only part of a ReadProcessMemory or WriteProcessMemory request was completed. (0x12B)
[0102/233706.755:WARNING:pe_image_reader.cc(340)] could not read dos header from C:\Windows\System32\ADVAPI32.dll
[0102/233706.755:ERROR:process_memory_win.cc(73)] ReadMemory at 0x7ffc19790000 of 64 bytes failed: Only part of a ReadProcessMemory or WriteProcessMemory request was completed. (0x12B)
[0102/233706.755:WARNING:pe_image_reader.cc(340)] could not read dos header from C:\Windows\System32\msvcrt.dll
[0102/233706.755:ERROR:process_memory_win.cc(73)] ReadMemory at 0x7ffc19790000 of 64 bytes failed: Only part of a ReadProcessMemory or WriteProcessMemory request was completed. (0x12B)
[0102/233706.755:WARNING:pe_image_reader.cc(340)] could not read dos header from C:\Windows\System32\msvcrt.dll
[0102/233706.755:ERROR:process_memory_win.cc(73)] ReadMemory at 0x14526940000 of 64 bytes failed: Only part of a ReadProcessMemory or WriteProcessMemory request was completed. (0x12B)
[0102/233706.756:WARNING:pe_image_reader.cc(340)] could not read dos header from C:\Windows\System32\sechost.dll
[0102/233706.756:ERROR:process_memory_win.cc(73)] ReadMemory at 0x14526940000 of 64 bytes failed: Only part of a ReadProcessMemory or WriteProcessMemory request was completed. (0x12B)
[0102/233706.756:WARNING:pe_image_reader.cc(340)] could not read dos header from C:\Windows\System32\sechost.dll
[0102/233706.757:ERROR:process_memory_win.cc(73)] ReadMemory at 0x7ffc191d0000 of 64 bytes failed: Only part of a ReadProcessMemory or WriteProcessMemory request was completed. (0x12B)
[0102/233706.757:WARNING:pe_image_reader.cc(340)] could not read dos header from C:\Windows\System32\RPCRT4.dll
[0102/233706.757:ERROR:process_memory_win.cc(73)] ReadMemory at 0x7ffc191d0000 of 64 bytes failed: Only part of a ReadProcessMemory or WriteProcessMemory request was completed. (0x12B)
[0102/233706.757:WARNING:pe_image_reader.cc(340)] could not read dos header from C:\Windows\System32\RPCRT4.dll
[0102/233706.757:ERROR:process_memory_win.cc(73)] ReadMemory at 0x7ffbd8d30000 of 64 bytes failed: Only part of a ReadProcessMemory or WriteProcessMemory request was completed. (0x12B)
[0102/233707.164:WARNING:pe_image_reader.cc(340)] could not read dos header from C:\Program Files (x86)\Microsoft\Edge\Application\85.0.564.67\msedge.dll
[0102/233707.164:ERROR:process_memory_win.cc(73)] ReadMemory at 0x7ffbd8d30000 of 64 bytes failed: Only part of a ReadProcessMemory or WriteProcessMemory request was completed. (0x12B)
[0102/233707.164:WARNING:pe_image_reader.cc(340)] could not read dos header from C:\Program Files (x86)\Microsoft\Edge\Application\85.0.564.67\msedge.dll
[0102/233707.164:ERROR:process_memory_win.cc(73)] ReadMemory at 0x7ffc18a00000 of 64 bytes failed: Only part of a ReadProcessMemory or WriteProcessMemory request was completed. (0x12B)
[0102/233707.164:WARNING:pe_image_reader.cc(340)] could not read dos header from C:\Windows\System32\WS2_32.dll
[0102/233707.164:ERROR:process_memory_win.cc(73)] ReadMemory at 0x7ffc18a00000 of 64 bytes failed: Only part of a ReadProcessMemory or WriteProcessMemory request was completed. (0x12B)
[0102/233707.165:WARNING:pe_image_reader.cc(340)] could not read dos header from C:\Windows\System32\WS2_32.dll
[0102/233707.165:ERROR:process_memory_win.cc(73)] ReadMemory at 0x7ffc19600000 of 64 bytes failed: Only part of a ReadProcessMemory or WriteProcessMemory request was completed. (0x12B)
[0102/233707.165:WARNING:pe_image_reader.cc(340)] could not read dos header from C:\Windows\System32\OLEAUT32.dll
[0102/233707.165:ERROR:process_memory_win.cc(73)] ReadMemory at 0x7ffc19600000 of 64 bytes failed: Only part of a ReadProcessMemory or WriteProcessMemory request was completed. (0x12B)
[0102/233707.165:WARNING:pe_image_reader.cc(340)] could not read dos header from C:\Windows\System32\OLEAUT32.dll
[0102/233707.165:ERROR:process_memory_win.cc(73)] ReadMemory at 0x7ffc17890000 of 64 bytes failed: Only part of a ReadProcessMemory or WriteProcessMemory request was completed. (0x12B)
[0102/233707.165:WARNING:pe_image_reader.cc(340)] could not read dos header from C:\Windows\System32\msvcp_win.dll
[0102/233707.165:ERROR:process_memory_win.cc(73)] ReadMemory at 0x7ffc17890000 of 64 bytes failed: Only part of a ReadProcessMemory or WriteProcessMemory request was completed. (0x12B)
[0102/233707.165:WARNING:pe_image_reader.cc(340)] could not read dos header from C:\Windows\System32\msvcp_win.dll
[0102/233707.165:ERROR:process_memory_win.cc(73)] ReadMemory at 0x7ffc17220000 of 64 bytes failed: Only part of a ReadProcessMemory or WriteProcessMemory request was completed. (0x12B)
[0102/233707.166:WARNING:pe_image_reader.cc(340)] could not read dos header from C:\Windows\System32\ucrtbase.dll
[0102/233707.166:ERROR:process_memory_win.cc(73)] ReadMemory at 0x7ffc17220000 of 64 bytes failed: Only part of a ReadProcessMemory or WriteProcessMemory request was completed. (0x12B)
[0102/233707.166:WARNING:pe_image_reader.cc(340)] could not read dos header from C:\Windows\System32\ucrtbase.dll
[0102/233707.166:ERROR:process_memory_win.cc(73)] ReadMemory at 0x7ffc18c00000 of 64 bytes failed: Only part of a ReadProcessMemory or WriteProcessMemory request was completed. (0x12B)
[0102/233707.166:WARNING:pe_image_reader.cc(340)] could not read dos header from C:\Windows\System32\combase.dll
[0102/233707.166:ERROR:process_memory_win.cc(73)] ReadMemory at 0x7ffc18c00000 of 64 bytes failed: Only part of a ReadProcessMemory or WriteProcessMemory request was completed. (0x12B)
[0102/233707.166:WARNING:pe_image_reader.cc(340)] could not read dos header from C:\Windows\System32\combase.dll
[0102/233707.166:ERROR:process_memory_win.cc(73)] ReadMemory at 0x7ffc17430000 of 64 bytes failed: Only part of a ReadProcessMemory or WriteProcessMemory request was completed. (0x12B)
[0102/233707.166:WARNING:pe_image_reader.cc(340)] could not read dos header from C:\Windows\System32\WINTRUST.dll
[0102/233707.167:ERROR:process_memory_win.cc(73)] ReadMemory at 0x7ffc17430000 of 64 bytes failed: Only part of a ReadProcessMemory or WriteProcessMemory request was completed. (0x12B)
[0102/233707.167:WARNING:pe_image_reader.cc(340)] could not read dos header from C:\Windows\System32\WINTRUST.dll
[0102/233707.167:ERROR:process_memory_win.cc(73)] ReadMemory at 0x7ffc170c0000 of 64 bytes failed: Only part of a ReadProcessMemory or WriteProcessMemory request was completed. (0x12B)
[0102/233707.167:WARNING:pe_image_reader.cc(340)] could not read dos header from C:\Windows\System32\CRYPT32.dll
[0102/233707.167:ERROR:process_memory_win.cc(73)] ReadMemory at 0x7ffc170c0000 of 64 bytes failed: Only part of a ReadProcessMemory or WriteProcessMemory request was completed. (0x12B)
[0102/233707.167:WARNING:pe_image_reader.cc(340)] could not read dos header from C:\Windows\System32\CRYPT32.dll
[0102/233707.167:ERROR:process_memory_win.cc(73)] ReadMemory at 0x7ffc164a0000 of 64 bytes failed: Only part of a ReadProcessMemory or WriteProcessMemory request was completed. (0x12B)
[0102/233707.167:WARNING:pe_image_reader.cc(340)] could not read dos header from C:\Windows\SYSTEM32\IPHLPAPI.DLL
[0102/233707.167:ERROR:process_memory_win.cc(73)] ReadMemory at 0x7ffc164a0000 of 64 bytes failed: Only part of a ReadProcessMemory or WriteProcessMemory request was completed. (0x12B)
[0102/233707.167:WARNING:pe_image_reader.cc(340)] could not read dos header from C:\Windows\SYSTEM32\IPHLPAPI.DLL
[0102/233707.168:ERROR:process_memory_win.cc(73)] ReadMemory at 0x7ffc078a0000 of 64 bytes failed: Only part of a ReadProcessMemory or WriteProcessMemory request was completed. (0x12B)
[0102/233707.168:WARNING:pe_image_reader.cc(340)] could not read dos header from C:\Windows\SYSTEM32\WINMM.dll
[0102/233707.168:ERROR:process_memory_win.cc(73)] ReadMemory at 0x7ffc078a0000 of 64 bytes failed: Only part of a ReadProcessMemory or WriteProcessMemory request was completed. (0x12B)
[0102/233707.168:WARNING:pe_image_reader.cc(340)] could not read dos header from C:\Windows\SYSTEM32\WINMM.dll
[0102/233707.168:ERROR:process_memory_win.cc(73)] ReadMemory at 0x7ffbffc00000 of 64 bytes failed: Only part of a ReadProcessMemory or WriteProcessMemory request was completed. (0x12B)
[0102/233707.168:WARNING:pe_image_reader.cc(340)] could not read dos header from C:\Windows\SYSTEM32\UIAutomationCore.DLL
[0102/233707.168:ERROR:process_memory_win.cc(73)] ReadMemory at 0x7ffbffc00000 of 64 bytes failed: Only part of a ReadProcessMemory or WriteProcessMemory request was completed. (0x12B)
[0102/233707.168:WARNING:pe_image_reader.cc(340)] could not read dos header from C:\Windows\SYSTEM32\UIAutomationCore.DLL
[0102/233707.168:ERROR:process_memory_win.cc(73)] ReadMemory at 0x7ffc03b70000 of 64 bytes failed: Only part of a ReadProcessMemory or WriteProcessMemory request was completed. (0x12B)
[0102/233707.169:WARNING:pe_image_reader.cc(340)] could not read dos header from C:\Windows\SYSTEM32\Secur32.dll
[0102/233707.169:ERROR:process_memory_win.cc(73)] ReadMemory at 0x7ffc03b70000 of 64 bytes failed: Only part of a ReadProcessMemory or WriteProcessMemory request was completed. (0x12B)
[0102/233707.169:WARNING:pe_image_reader.cc(340)] could not read dos header from C:\Windows\SYSTEM32\Secur32.dll
[0102/233707.169:ERROR:process_memory_win.cc(73)] ReadMemory at 0x7ffc16f00000 of 64 bytes failed: Only part of a ReadProcessMemory or WriteProcessMemory request was completed. (0x12B)
[0102/233707.169:WARNING:pe_image_reader.cc(340)] could not read dos header from C:\Windows\SYSTEM32\USERENV.dll
[0102/233707.169:ERROR:process_memory_win.cc(73)] ReadMemory at 0x7ffc16f00000 of 64 bytes failed: Only part of a ReadProcessMemory or WriteProcessMemory request was completed. (0x12B)
[0102/233707.169:WARNING:pe_image_reader.cc(340)] could not read dos header from C:\Windows\SYSTEM32\USERENV.dll
[0102/233707.169:ERROR:process_memory_win.cc(73)] ReadMemory at 0x7ffc078d0000 of 64 bytes failed: Only part of a ReadProcessMemory or WriteProcessMemory request was completed. (0x12B)
[0102/233707.169:WARNING:pe_image_reader.cc(340)] could not read dos header from C:\Windows\SYSTEM32\WINHTTP.dll
[0102/233707.169:ERROR:process_memory_win.cc(73)] ReadMemory at 0x7ffc078d0000 of 64 bytes failed: Only part of a ReadProcessMemory or WriteProcessMemory request was completed. (0x12B)
[0102/233707.170:WARNING:pe_image_reader.cc(340)] could not read dos header from C:\Windows\SYSTEM32\WINHTTP.dll
[0102/233707.170:ERROR:process_memory_win.cc(73)] ReadMemory at 0x7ffc06110000 of 64 bytes failed: Only part of a ReadProcessMemory or WriteProcessMemory request was completed. (0x12B)
[0102/233707.170:WARNING:pe_image_reader.cc(340)] could not read dos header from C:\Windows\SYSTEM32\DWrite.dll
[0102/233707.170:ERROR:process_memory_win.cc(73)] ReadMemory at 0x7ffc06110000 of 64 bytes failed: Only part of a ReadProcessMemory or WriteProcessMemory request was completed. (0x12B)
[0102/233707.170:WARNING:pe_image_reader.cc(340)] could not read dos header from C:\Windows\SYSTEM32\DWrite.dll
[0102/233707.170:ERROR:process_memory_win.cc(73)] ReadMemory at 0x7ffc09650000 of 64 bytes failed: Only part of a ReadProcessMemory or WriteProcessMemory request was completed. (0x12B)
[0102/233707.170:WARNING:pe_image_reader.cc(340)] could not read dos header from C:\Windows\SYSTEM32\WINSPOOL.DRV
[0102/233707.171:ERROR:process_memory_win.cc(73)] ReadMemory at 0x7ffc09650000 of 64 bytes failed: Only part of a ReadProcessMemory or WriteProcessMemory request was completed. (0x12B)
[0102/233707.171:WARNING:pe_image_reader.cc(340)] could not read dos header from C:\Windows\SYSTEM32\WINSPOOL.DRV
[0102/233707.171:ERROR:process_memory_win.cc(73)] ReadMemory at 0x7ffc028e0000 of 64 bytes failed: Only part of a ReadProcessMemory or WriteProcessMemory request was completed. (0x12B)
[0102/233707.171:WARNING:pe_image_reader.cc(340)] could not read dos header from C:\Windows\SYSTEM32\dbghelp.dll
[0102/233707.171:ERROR:process_memory_win.cc(73)] ReadMemory at 0x7ffc028e0000 of 64 bytes failed: Only part of a ReadProcessMemory or WriteProcessMemory request was completed. (0x12B)
[0102/233707.171:WARNING:pe_image_reader.cc(340)] could not read dos header from C:\Windows\SYSTEM32\dbghelp.dll
[0102/233707.171:ERROR:process_memory_win.cc(73)] ReadMemory at 0x7ffc16af0000 of 64 bytes failed: Only part of a ReadProcessMemory or WriteProcessMemory request was completed. (0x12B)
[0102/233707.171:WARNING:pe_image_reader.cc(340)] could not read dos header from C:\Windows\SYSTEM32\ncrypt.dll
[0102/233707.171:ERROR:process_memory_win.cc(73)] ReadMemory at 0x7ffc16af0000 of 64 bytes failed: Only part of a ReadProcessMemory or WriteProcessMemory request was completed. (0x12B)
[0102/233707.172:WARNING:pe_image_reader.cc(340)] could not read dos header from C:\Windows\SYSTEM32\ncrypt.dll
[0102/233707.172:ERROR:process_memory_win.cc(73)] ReadMemory at 0x7ffc0d980000 of 64 bytes failed: Only part of a ReadProcessMemory or WriteProcessMemory request was completed. (0x12B)
[0102/233707.172:WARNING:pe_image_reader.cc(340)] could not read dos header from C:\Windows\SYSTEM32\dhcpcsvc.DLL
[0102/233707.173:ERROR:process_memory_win.cc(73)] ReadMemory at 0x7ffc0d980000 of 64 bytes failed: Only part of a ReadProcessMemory or WriteProcessMemory request was completed. (0x12B)
[0102/233707.173:WARNING:pe_image_reader.cc(340)] could not read dos header from C:\Windows\SYSTEM32\dhcpcsvc.DLL
[0102/233707.173:ERROR:process_memory_win.cc(73)] ReadMemory at 0x7ffc12490000 of 64 bytes failed: Only part of a ReadProcessMemory or WriteProcessMemory request was completed. (0x12B)
[0102/233707.173:WARNING:pe_image_reader.cc(340)] could not read dos header from C:\Windows\SYSTEM32\PROPSYS.dll
[0102/233707.173:ERROR:process_memory_win.cc(73)] ReadMemory at 0x7ffc12490000 of 64 bytes failed: Only part of a ReadProcessMemory or WriteProcessMemory request was completed. (0x12B)
[0102/233707.173:WARNING:pe_image_reader.cc(340)] could not read dos header from C:\Windows\SYSTEM32\PROPSYS.dll
[0102/233707.173:ERROR:process_memory_win.cc(73)] ReadMemory at 0x7ffc16ec0000 of 64 bytes failed: Only part of a ReadProcessMemory or WriteProcessMemory request was completed. (0x12B)
[0102/233707.173:WARNING:pe_image_reader.cc(340)] could not read dos header from C:\Windows\SYSTEM32\SSPICLI.DLL
[0102/233707.173:ERROR:process_memory_win.cc(73)] ReadMemory at 0x7ffc16ec0000 of 64 bytes failed: Only part of a ReadProcessMemory or WriteProcessMemory request was completed. (0x12B)
[0102/233707.174:WARNING:pe_image_reader.cc(340)] could not read dos header from C:\Windows\SYSTEM32\SSPICLI.DLL
[0102/233707.174:ERROR:process_memory_win.cc(73)] ReadMemory at 0x7ffc17490000 of 64 bytes failed: Only part of a ReadProcessMemory or WriteProcessMemory request was completed. (0x12B)
[0102/233707.174:WARNING:pe_image_reader.cc(340)] could not read dos header from C:\Windows\System32\BCRYPT.DLL
[0102/233707.174:ERROR:process_memory_win.cc(73)] ReadMemory at 0x7ffc17490000 of 64 bytes failed: Only part of a ReadProcessMemory or WriteProcessMemory request was completed. (0x12B)
[0102/233707.174:WARNING:pe_image_reader.cc(340)] could not read dos header from C:\Windows\System32\BCRYPT.DLL
[0102/233707.174:ERROR:process_memory_win.cc(73)] ReadMemory at 0x7ffc16c00000 of 64 bytes failed: Only part of a ReadProcessMemory or WriteProcessMemory request was completed. (0x12B)
[0102/233707.174:WARNING:pe_image_reader.cc(340)] could not read dos header from C:\Windows\System32\MSASN1.dll
[0102/233707.174:ERROR:process_memory_win.cc(73)] ReadMemory at 0x7ffc16c00000 of 64 bytes failed: Only part of a ReadProcessMemory or WriteProcessMemory request was completed. (0x12B)
[0102/233707.174:WARNING:pe_image_reader.cc(340)] could not read dos header from C:\Windows\System32\MSASN1.dll
[0102/233707.175:ERROR:process_memory_win.cc(73)] ReadMemory at 0x7ffc17040000 of 64 bytes failed: Only part of a ReadProcessMemory or WriteProcessMemory request was completed. (0x12B)
[0102/233707.175:WARNING:pe_image_reader.cc(340)] could not read dos header from C:\Windows\System32\bcryptPrimitives.dll
[0102/233707.175:ERROR:process_memory_win.cc(73)] ReadMemory at 0x7ffc17040000 of 64 bytes failed: Only part of a ReadProcessMemory or WriteProcessMemory request was completed. (0x12B)
[0102/233707.175:WARNING:pe_image_reader.cc(340)] could not read dos header from C:\Windows\System32\bcryptPrimitives.dll
[0102/233707.175:ERROR:process_memory_win.cc(73)] ReadMemory at 0x7ffc16ab0000 of 64 bytes failed: Only part of a ReadProcessMemory or WriteProcessMemory request was completed. (0x12B)
[0102/233707.175:WARNING:pe_image_reader.cc(340)] could not read dos header from C:\Windows\SYSTEM32\NTASN1.dll
[0102/233707.175:ERROR:process_memory_win.cc(73)] ReadMemory at 0x7ffc16ab0000 of 64 bytes failed: Only part of a ReadProcessMemory or WriteProcessMemory request was completed. (0x12B)
[0102/233707.175:WARNING:pe_image_reader.cc(340)] could not read dos header from C:\Windows\SYSTEM32\NTASN1.dll
[0102/233707.175:ERROR:process_memory_win.cc(73)] ReadMemory at 0x7ffc169f0000 of 64 bytes failed: Only part of a ReadProcessMemory or WriteProcessMemory request was completed. (0x12B)
[0102/233707.175:WARNING:pe_image_reader.cc(340)] could not read dos header from C:\Windows\SYSTEM32\CRYPTBASE.DLL
[0102/233707.176:ERROR:process_memory_win.cc(73)] ReadMemory at 0x7ffc169f0000 of 64 bytes failed: Only part of a ReadProcessMemory or WriteProcessMemory request was completed. (0x12B)
[0102/233707.176:WARNING:pe_image_reader.cc(340)] could not read dos header from C:\Windows\SYSTEM32\CRYPTBASE.DLL
[0102/233707.176:ERROR:process_memory_win.cc(73)] ReadMemory at 0x7ffc16f40000 of 64 bytes failed: Only part of a ReadProcessMemory or WriteProcessMemory request was completed. (0x12B)
[0102/233707.176:WARNING:pe_image_reader.cc(340)] could not read dos header from C:\Windows\System32\profapi.dll
[0102/233707.176:ERROR:process_memory_win.cc(73)] ReadMemory at 0x7ffc16f40000 of 64 bytes failed: Only part of a ReadProcessMemory or WriteProcessMemory request was completed. (0x12B)
[0102/233707.176:WARNING:pe_image_reader.cc(340)] could not read dos header from C:\Windows\System32\profapi.dll
[0102/233713.364:ERROR:process_memory_win.cc(73)] ReadMemory at 0x7ff628a30000 of 64 bytes failed: Only part of a ReadProcessMemory or WriteProcessMemory request was completed. (0x12B)
[0102/233713.920:WARNING:pe_image_reader.cc(340)] could not read dos header from C:\Program Files (x86)\Microsoft\Edge\Application\msedge.exe
[0102/233713.920:ERROR:process_memory_win.cc(73)] ReadMemory at 0x7ffc198d0000 of 64 bytes failed: Only part of a ReadProcessMemory or WriteProcessMemory request was completed. (0x12B)
[0102/233713.921:WARNING:pe_image_reader.cc(340)] could not read dos header from C:\Windows\SYSTEM32\ntdll.dll
[0102/233713.921:ERROR:process_memory_win.cc(73)] ReadMemory at 0x7ffc18aa0000 of 64 bytes failed: Only part of a ReadProcessMemory or WriteProcessMemory request was completed. (0x12B)
[0102/233713.921:WARNING:pe_image_reader.cc(340)] could not read dos header from C:\Windows\System32\KERNEL32.DLL
[0102/233713.921:ERROR:process_memory_win.cc(73)] ReadMemory at 0x7ffc174c0000 of 64 bytes failed: Only part of a ReadProcessMemory or WriteProcessMemory request was completed. (0x12B)
[0102/233713.921:WARNING:pe_image_reader.cc(340)] could not read dos header from C:\Windows\System32\KERNELBASE.dll
[0102/233713.921:ERROR:process_memory_win.cc(73)] ReadMemory at 0x7ffc12e90000 of 64 bytes failed: Only part of a ReadProcessMemory or WriteProcessMemory request was completed. (0x12B)
[0102/233713.921:WARNING:pe_image_reader.cc(340)] could not read dos header from C:\Program Files (x86)\Microsoft\Edge\Application\85.0.564.67\msedge_elf.dll
[0102/233713.921:ERROR:process_memory_win.cc(73)] ReadMemory at 0x7ffc18f70000 of 64 bytes failed: Only part of a ReadProcessMemory or WriteProcessMemory request was completed. (0x12B)
[0102/233713.921:WARNING:pe_image_reader.cc(340)] could not read dos header from C:\Windows\System32\ADVAPI32.dll
[0102/233713.922:ERROR:process_memory_win.cc(73)] ReadMemory at 0x7ffc19790000 of 64 bytes failed: Only part of a ReadProcessMemory or WriteProcessMemory request was completed. (0x12B)
[0102/233713.922:WARNING:pe_image_reader.cc(340)] could not read dos header from C:\Windows\System32\msvcrt.dll
[0102/233713.922:ERROR:process_memory_win.cc(73)] ReadMemory at 0x14526940000 of 64 bytes failed: Only part of a ReadProcessMemory or WriteProcessMemory request was completed. (0x12B)
[0102/233713.922:WARNING:pe_image_reader.cc(340)] could not read dos header from C:\Windows\System32\sechost.dll
[0102/233713.923:ERROR:process_memory_win.cc(73)] ReadMemory at 0x7ffc191d0000 of 64 bytes failed: Only part of a ReadProcessMemory or WriteProcessMemory request was completed. (0x12B)
[0102/233713.923:WARNING:pe_image_reader.cc(340)] could not read dos header from C:\Windows\System32\RPCRT4.dll
[0102/233713.923:ERROR:process_memory_win.cc(73)] ReadMemory at 0x7ffbd8d30000 of 64 bytes failed: Only part of a ReadProcessMemory or WriteProcessMemory request was completed. (0x12B)
[0102/233713.923:WARNING:pe_image_reader.cc(340)] could not read dos header from C:\Program Files (x86)\Microsoft\Edge\Application\85.0.564.67\msedge.dll
[0102/233713.924:ERROR:process_memory_win.cc(73)] ReadMemory at 0x7ffc18a00000 of 64 bytes failed: Only part of a ReadProcessMemory or WriteProcessMemory request was completed. (0x12B)
[0102/233713.924:WARNING:pe_image_reader.cc(340)] could not read dos header from C:\Windows\System32\WS2_32.dll
[0102/233713.924:ERROR:process_memory_win.cc(73)] ReadMemory at 0x7ffc19600000 of 64 bytes failed: Only part of a ReadProcessMemory or WriteProcessMemory request was completed. (0x12B)
[0102/233713.924:WARNING:pe_image_reader.cc(340)] could not read dos header from C:\Windows\System32\OLEAUT32.dll
[0102/233713.924:ERROR:process_memory_win.cc(73)] ReadMemory at 0x7ffc17890000 of 64 bytes failed: Only part of a ReadProcessMemory or WriteProcessMemory request was completed. (0x12B)
[0102/233713.924:WARNING:pe_image_reader.cc(340)] could not read dos header from C:\Windows\System32\msvcp_win.dll
[0102/233713.924:ERROR:process_memory_win.cc(73)] ReadMemory at 0x7ffc17220000 of 64 bytes failed: Only part of a ReadProcessMemory or WriteProcessMemory request was completed. (0x12B)
[0102/233713.924:WARNING:pe_image_reader.cc(340)] could not read dos header from C:\Windows\System32\ucrtbase.dll
[0102/233713.925:ERROR:process_memory_win.cc(73)] ReadMemory at 0x7ffc18c00000 of 64 bytes failed: Only part of a ReadProcessMemory or WriteProcessMemory request was completed. (0x12B)
[0102/233713.925:WARNING:pe_image_reader.cc(340)] could not read dos header from C:\Windows\System32\combase.dll
[0102/233713.925:ERROR:process_memory_win.cc(73)] ReadMemory at 0x7ffc17430000 of 64 bytes failed: Only part of a ReadProcessMemory or WriteProcessMemory request was completed. (0x12B)
[0102/233713.925:WARNING:pe_image_reader.cc(340)] could not read dos header from C:\Windows\System32\WINTRUST.dll
[0102/233713.925:ERROR:process_memory_win.cc(73)] ReadMemory at 0x7ffc170c0000 of 64 bytes failed: Only part of a ReadProcessMemory or WriteProcessMemory request was completed. (0x12B)
[0102/233713.925:WARNING:pe_image_reader.cc(340)] could not read dos header from C:\Windows\System32\CRYPT32.dll
[0102/233713.925:ERROR:process_memory_win.cc(73)] ReadMemory at 0x7ffc164a0000 of 64 bytes failed: Only part of a ReadProcessMemory or WriteProcessMemory request was completed. (0x12B)
[0102/233713.925:WARNING:pe_image_reader.cc(340)] could not read dos header from C:\Windows\SYSTEM32\IPHLPAPI.DLL
[0102/233713.925:ERROR:process_memory_win.cc(73)] ReadMemory at 0x7ffc078a0000 of 64 bytes failed: Only part of a ReadProcessMemory or WriteProcessMemory request was completed. (0x12B)
[0102/233713.926:WARNING:pe_image_reader.cc(340)] could not read dos header from C:\Windows\SYSTEM32\WINMM.dll
[0102/233713.926:ERROR:process_memory_win.cc(73)] ReadMemory at 0x7ffbffc00000 of 64 bytes failed: Only part of a ReadProcessMemory or WriteProcessMemory request was completed. (0x12B)
[0102/233713.926:WARNING:pe_image_reader.cc(340)] could not read dos header from C:\Windows\SYSTEM32\UIAutomationCore.DLL
[0102/233713.926:ERROR:process_memory_win.cc(73)] ReadMemory at 0x7ffc03b70000 of 64 bytes failed: Only part of a ReadProcessMemory or WriteProcessMemory request was completed. (0x12B)
[0102/233713.927:WARNING:pe_image_reader.cc(340)] could not read dos header from C:\Windows\SYSTEM32\Secur32.dll
[0102/233713.927:ERROR:process_memory_win.cc(73)] ReadMemory at 0x7ffc16f00000 of 64 bytes failed: Only part of a ReadProcessMemory or WriteProcessMemory request was completed. (0x12B)
[0102/233713.927:WARNING:pe_image_reader.cc(340)] could not read dos header from C:\Windows\SYSTEM32\USERENV.dll
[0102/233713.927:ERROR:process_memory_win.cc(73)] ReadMemory at 0x7ffc078d0000 of 64 bytes failed: Only part of a ReadProcessMemory or WriteProcessMemory request was completed. (0x12B)
[0102/233713.927:WARNING:pe_image_reader.cc(340)] could not read dos header from C:\Windows\SYSTEM32\WINHTTP.dll
[0102/233713.927:ERROR:process_memory_win.cc(73)] ReadMemory at 0x7ffc06110000 of 64 bytes failed: Only part of a ReadProcessMemory or WriteProcessMemory request was completed. (0x12B)
[0102/233713.927:WARNING:pe_image_reader.cc(340)] could not read dos header from C:\Windows\SYSTEM32\DWrite.dll
[0102/233713.927:ERROR:process_memory_win.cc(73)] ReadMemory at 0x7ffc09650000 of 64 bytes failed: Only part of a ReadProcessMemory or WriteProcessMemory request was completed. (0x12B)
[0102/233713.927:WARNING:pe_image_reader.cc(340)] could not read dos header from C:\Windows\SYSTEM32\WINSPOOL.DRV
[0102/233713.928:ERROR:process_memory_win.cc(73)] ReadMemory at 0x7ffc028e0000 of 64 bytes failed: Only part of a ReadProcessMemory or WriteProcessMemory request was completed. (0x12B)
[0102/233713.928:WARNING:pe_image_reader.cc(340)] could not read dos header from C:\Windows\SYSTEM32\dbghelp.dll
[0102/233713.928:ERROR:process_memory_win.cc(73)] ReadMemory at 0x7ffc16af0000 of 64 bytes failed: Only part of a ReadProcessMemory or WriteProcessMemory request was completed. (0x12B)
[0102/233713.928:WARNING:pe_image_reader.cc(340)] could not read dos header from C:\Windows\SYSTEM32\ncrypt.dll
[0102/233713.928:ERROR:process_memory_win.cc(73)] ReadMemory at 0x7ffc0d980000 of 64 bytes failed: Only part of a ReadProcessMemory or WriteProcessMemory request was completed. (0x12B)
[0102/233713.928:WARNING:pe_image_reader.cc(340)] could not read dos header from C:\Windows\SYSTEM32\dhcpcsvc.DLL
[0102/233713.928:ERROR:process_memory_win.cc(73)] ReadMemory at 0x7ffc12490000 of 64 bytes failed: Only part of a ReadProcessMemory or WriteProcessMemory request was completed. (0x12B)
[0102/233713.928:WARNING:pe_image_reader.cc(340)] could not read dos header from C:\Windows\SYSTEM32\PROPSYS.dll
[0102/233713.928:ERROR:process_memory_win.cc(73)] ReadMemory at 0x7ffc16ec0000 of 64 bytes failed: Only part of a ReadProcessMemory or WriteProcessMemory request was completed. (0x12B)
[0102/233713.928:WARNING:pe_image_reader.cc(340)] could not read dos header from C:\Windows\SYSTEM32\SSPICLI.DLL
[0102/233713.929:ERROR:process_memory_win.cc(73)] ReadMemory at 0x7ffc17490000 of 64 bytes failed: Only part of a ReadProcessMemory or WriteProcessMemory request was completed. (0x12B)
[0102/233713.929:WARNING:pe_image_reader.cc(340)] could not read dos header from C:\Windows\System32\BCRYPT.DLL
[0102/233713.929:ERROR:process_memory_win.cc(73)] ReadMemory at 0x7ffc16c00000 of 64 bytes failed: Only part of a ReadProcessMemory or WriteProcessMemory request was completed. (0x12B)
[0102/233713.929:WARNING:pe_image_reader.cc(340)] could not read dos header from C:\Windows\System32\MSASN1.dll
[0102/233713.929:ERROR:process_memory_win.cc(73)] ReadMemory at 0x7ffc17040000 of 64 bytes failed: Only part of a ReadProcessMemory or WriteProcessMemory request was completed. (0x12B)
[0102/233713.929:WARNING:pe_image_reader.cc(340)] could not read dos header from C:\Windows\System32\bcryptPrimitives.dll
[0102/233713.929:ERROR:process_memory_win.cc(73)] ReadMemory at 0x7ffc16ab0000 of 64 bytes failed: Only part of a ReadProcessMemory or WriteProcessMemory request was completed. (0x12B)
[0102/233713.929:WARNING:pe_image_reader.cc(340)] could not read dos header from C:\Windows\SYSTEM32\NTASN1.dll
[0102/233713.929:ERROR:process_memory_win.cc(73)] ReadMemory at 0x7ffc169f0000 of 64 bytes failed: Only part of a ReadProcessMemory or WriteProcessMemory request was completed. (0x12B)
[0102/233713.930:WARNING:pe_image_reader.cc(340)] could not read dos header from C:\Windows\SYSTEM32\CRYPTBASE.DLL
[0102/233713.930:ERROR:process_memory_win.cc(73)] ReadMemory at 0x7ffc16f40000 of 64 bytes failed: Only part of a ReadProcessMemory or WriteProcessMemory request was completed. (0x12B)
[0102/233713.930:WARNING:pe_image_reader.cc(340)] could not read dos header from C:\Windows\System32\profapi.dll
[0102/233713.934:ERROR:process_memory_win.cc(73)] ReadMemory at 0x7ff628a30000 of 64 bytes failed: Only part of a ReadProcessMemory or WriteProcessMemory request was completed. (0x12B)
[0102/233713.935:WARNING:pe_image_reader.cc(340)] could not read dos header from C:\Program Files (x86)\Microsoft\Edge\Application\msedge.exe
[0102/233713.935:ERROR:process_memory_win.cc(73)] ReadMemory at 0x7ffc198d0000 of 64 bytes failed: Only part of a ReadProcessMemory or WriteProcessMemory request was completed. (0x12B)
[0102/233713.935:WARNING:pe_image_reader.cc(340)] could not read dos header from C:\Windows\SYSTEM32\ntdll.dll
[0102/233713.935:ERROR:process_memory_win.cc(73)] ReadMemory at 0x7ffc18aa0000 of 64 bytes failed: Only part of a ReadProcessMemory or WriteProcessMemory request was completed. (0x12B)
[0102/233713.935:WARNING:pe_image_reader.cc(340)] could not read dos header from C:\Windows\System32\KERNEL32.DLL
[0102/233713.935:ERROR:process_memory_win.cc(73)] ReadMemory at 0x7ffc174c0000 of 64 bytes failed: Only part of a ReadProcessMemory or WriteProcessMemory request was completed. (0x12B)
[0102/233713.935:WARNING:pe_image_reader.cc(340)] could not read dos header from C:\Windows\System32\KERNELBASE.dll
[0102/233713.936:ERROR:process_memory_win.cc(73)] ReadMemory at 0x7ffc12e90000 of 64 bytes failed: Only part of a ReadProcessMemory or WriteProcessMemory request was completed. (0x12B)
[0102/233713.936:WARNING:pe_image_reader.cc(340)] could not read dos header from C:\Program Files (x86)\Microsoft\Edge\Application\85.0.564.67\msedge_elf.dll
[0102/233713.936:ERROR:process_memory_win.cc(73)] ReadMemory at 0x7ffc18f70000 of 64 bytes failed: Only part of a ReadProcessMemory or WriteProcessMemory request was completed. (0x12B)
[0102/233713.936:WARNING:pe_image_reader.cc(340)] could not read dos header from C:\Windows\System32\ADVAPI32.dll
[0102/233713.936:ERROR:process_memory_win.cc(73)] ReadMemory at 0x7ffc19790000 of 64 bytes failed: Only part of a ReadProcessMemory or WriteProcessMemory request was completed. (0x12B)
[0102/233713.936:WARNING:pe_image_reader.cc(340)] could not read dos header from C:\Windows\System32\msvcrt.dll
[0102/233713.936:ERROR:process_memory_win.cc(73)] ReadMemory at 0x14526940000 of 64 bytes failed: Only part of a ReadProcessMemory or WriteProcessMemory request was completed. (0x12B)
[0102/233713.936:WARNING:pe_image_reader.cc(340)] could not read dos header from C:\Windows\System32\sechost.dll
[0102/233713.937:ERROR:process_memory_win.cc(73)] ReadMemory at 0x7ffc191d0000 of 64 bytes failed: Only part of a ReadProcessMemory or WriteProcessMemory request was completed. (0x12B)
[0102/233713.937:WARNING:pe_image_reader.cc(340)] could not read dos header from C:\Windows\System32\RPCRT4.dll
[0102/233713.937:ERROR:process_memory_win.cc(73)] ReadMemory at 0x7ffbd8d30000 of 64 bytes failed: Only part of a ReadProcessMemory or WriteProcessMemory request was completed. (0x12B)
[0102/233713.937:WARNING:pe_image_reader.cc(340)] could not read dos header from C:\Program Files (x86)\Microsoft\Edge\Application\85.0.564.67\msedge.dll
[0102/233713.937:ERROR:process_memory_win.cc(73)] ReadMemory at 0x7ffc18a00000 of 64 bytes failed: Only part of a ReadProcessMemory or WriteProcessMemory request was completed. (0x12B)
[0102/233713.937:WARNING:pe_image_reader.cc(340)] could not read dos header from C:\Windows\System32\WS2_32.dll
[0102/233713.937:ERROR:process_memory_win.cc(73)] ReadMemory at 0x7ffc19600000 of 64 bytes failed: Only part of a ReadProcessMemory or WriteProcessMemory request was completed. (0x12B)
[0102/233713.938:WARNING:pe_image_reader.cc(340)] could not read dos header from C:\Windows\System32\OLEAUT32.dll
[0102/233713.938:ERROR:process_memory_win.cc(73)] ReadMemory at 0x7ffc17890000 of 64 bytes failed: Only part of a ReadProcessMemory or WriteProcessMemory request was completed. (0x12B)
[0102/233713.938:WARNING:pe_image_reader.cc(340)] could not read dos header from C:\Windows\System32\msvcp_win.dll
[0102/233713.938:ERROR:process_memory_win.cc(73)] ReadMemory at 0x7ffc17220000 of 64 bytes failed: Only part of a ReadProcessMemory or WriteProcessMemory request was completed. (0x12B)
[0102/233713.938:WARNING:pe_image_reader.cc(340)] could not read dos header from C:\Windows\System32\ucrtbase.dll
[0102/233713.939:ERROR:process_memory_win.cc(73)] ReadMemory at 0x7ffc18c00000 of 64 bytes failed: Only part of a ReadProcessMemory or WriteProcessMemory request was completed. (0x12B)
[0102/233713.940:WARNING:pe_image_reader.cc(340)] could not read dos header from C:\Windows\System32\combase.dll
[0102/233713.940:ERROR:process_memory_win.cc(73)] ReadMemory at 0x7ffc17430000 of 64 bytes failed: Only part of a ReadProcessMemory or WriteProcessMemory request was completed. (0x12B)
[0102/233713.940:WARNING:pe_image_reader.cc(340)] could not read dos header from C:\Windows\System32\WINTRUST.dll
[0102/233713.941:ERROR:process_memory_win.cc(73)] ReadMemory at 0x7ffc170c0000 of 64 bytes failed: Only part of a ReadProcessMemory or WriteProcessMemory request was completed. (0x12B)
[0102/233713.941:WARNING:pe_image_reader.cc(340)] could not read dos header from C:\Windows\System32\CRYPT32.dll
[0102/233713.941:ERROR:process_memory_win.cc(73)] ReadMemory at 0x7ffc164a0000 of 64 bytes failed: Only part of a ReadProcessMemory or WriteProcessMemory request was completed. (0x12B)
[0102/233713.941:WARNING:pe_image_reader.cc(340)] could not read dos header from C:\Windows\SYSTEM32\IPHLPAPI.DLL
[0102/233713.942:ERROR:process_memory_win.cc(73)] ReadMemory at 0x7ffc078a0000 of 64 bytes failed: Only part of a ReadProcessMemory or WriteProcessMemory request was completed. (0x12B)
[0102/233713.942:WARNING:pe_image_reader.cc(340)] could not read dos header from C:\Windows\SYSTEM32\WINMM.dll
[0102/233713.942:ERROR:process_memory_win.cc(73)] ReadMemory at 0x7ffbffc00000 of 64 bytes failed: Only part of a ReadProcessMemory or WriteProcessMemory request was completed. (0x12B)
[0102/233713.942:WARNING:pe_image_reader.cc(340)] could not read dos header from C:\Windows\SYSTEM32\UIAutomationCore.DLL
[0102/233713.943:ERROR:process_memory_win.cc(73)] ReadMemory at 0x7ffc03b70000 of 64 bytes failed: Only part of a ReadProcessMemory or WriteProcessMemory request was completed. (0x12B)
[0102/233713.943:WARNING:pe_image_reader.cc(340)] could not read dos header from C:\Windows\SYSTEM32\Secur32.dll
[0102/233713.943:ERROR:process_memory_win.cc(73)] ReadMemory at 0x7ffc16f00000 of 64 bytes failed: Only part of a ReadProcessMemory or WriteProcessMemory request was completed. (0x12B)
[0102/233713.943:WARNING:pe_image_reader.cc(340)] could not read dos header from C:\Windows\SYSTEM32\USERENV.dll
[0102/233713.943:ERROR:process_memory_win.cc(73)] ReadMemory at 0x7ffc078d0000 of 64 bytes failed: Only part of a ReadProcessMemory or WriteProcessMemory request was completed. (0x12B)
[0102/233713.943:WARNING:pe_image_reader.cc(340)] could not read dos header from C:\Windows\SYSTEM32\WINHTTP.dll
[0102/233713.943:ERROR:process_memory_win.cc(73)] ReadMemory at 0x7ffc06110000 of 64 bytes failed: Only part of a ReadProcessMemory or WriteProcessMemory request was completed. (0x12B)
[0102/233713.944:WARNING:pe_image_reader.cc(340)] could not read dos header from C:\Windows\SYSTEM32\DWrite.dll
[0102/233713.944:ERROR:process_memory_win.cc(73)] ReadMemory at 0x7ffc09650000 of 64 bytes failed: Only part of a ReadProcessMemory or WriteProcessMemory request was completed. (0x12B)
[0102/233713.944:WARNING:pe_image_reader.cc(340)] could not read dos header from C:\Windows\SYSTEM32\WINSPOOL.DRV
[0102/233713.944:ERROR:process_memory_win.cc(73)] ReadMemory at 0x7ffc028e0000 of 64 bytes failed: Only part of a ReadProcessMemory or WriteProcessMemory request was completed. (0x12B)
[0102/233713.944:WARNING:pe_image_reader.cc(340)] could not read dos header from C:\Windows\SYSTEM32\dbghelp.dll
[0102/233713.944:ERROR:process_memory_win.cc(73)] ReadMemory at 0x7ffc16af0000 of 64 bytes failed: Only part of a ReadProcessMemory or WriteProcessMemory request was completed. (0x12B)
[0102/233713.944:WARNING:pe_image_reader.cc(340)] could not read dos header from C:\Windows\SYSTEM32\ncrypt.dll
[0102/233713.945:ERROR:process_memory_win.cc(73)] ReadMemory at 0x7ffc0d980000 of 64 bytes failed: Only part of a ReadProcessMemory or WriteProcessMemory request was completed. (0x12B)
[0102/233713.945:WARNING:pe_image_reader.cc(340)] could not read dos header from C:\Windows\SYSTEM32\dhcpcsvc.DLL
[0102/233713.945:ERROR:process_memory_win.cc(73)] ReadMemory at 0x7ffc12490000 of 64 bytes failed: Only part of a ReadProcessMemory or WriteProcessMemory request was completed. (0x12B)
[0102/233713.945:WARNING:pe_image_reader.cc(340)] could not read dos header from C:\Windows\SYSTEM32\PROPSYS.dll
[0102/233713.945:ERROR:process_memory_win.cc(73)] ReadMemory at 0x7ffc16ec0000 of 64 bytes failed: Only part of a ReadProcessMemory or WriteProcessMemory request was completed. (0x12B)
[0102/233713.945:WARNING:pe_image_reader.cc(340)] could not read dos header from C:\Windows\SYSTEM32\SSPICLI.DLL
[0102/233713.945:ERROR:process_memory_win.cc(73)] ReadMemory at 0x7ffc17490000 of 64 bytes failed: Only part of a ReadProcessMemory or WriteProcessMemory request was completed. (0x12B)
[0102/233713.946:WARNING:pe_image_reader.cc(340)] could not read dos header from C:\Windows\System32\BCRYPT.DLL
[0102/233713.946:ERROR:process_memory_win.cc(73)] ReadMemory at 0x7ffc16c00000 of 64 bytes failed: Only part of a ReadProcessMemory or WriteProcessMemory request was completed. (0x12B)
[0102/233713.946:WARNING:pe_image_reader.cc(340)] could not read dos header from C:\Windows\System32\MSASN1.dll
[0102/233713.946:ERROR:process_memory_win.cc(73)] ReadMemory at 0x7ffc17040000 of 64 bytes failed: Only part of a ReadProcessMemory or WriteProcessMemory request was completed. (0x12B)
[0102/233713.946:WARNING:pe_image_reader.cc(340)] could not read dos header from C:\Windows\System32\bcryptPrimitives.dll
[0102/233713.946:ERROR:process_memory_win.cc(73)] ReadMemory at 0x7ffc16ab0000 of 64 bytes failed: Only part of a ReadProcessMemory or WriteProcessMemory request was completed. (0x12B)
[0102/233713.946:WARNING:pe_image_reader.cc(340)] could not read dos header from C:\Windows\SYSTEM32\NTASN1.dll
[0102/233713.947:ERROR:process_memory_win.cc(73)] ReadMemory at 0x7ffc169f0000 of 64 bytes failed: Only part of a ReadProcessMemory or WriteProcessMemory request was completed. (0x12B)
[0102/233713.947:WARNING:pe_image_reader.cc(340)] could not read dos header from C:\Windows\SYSTEM32\CRYPTBASE.DLL
[0102/233713.947:ERROR:process_memory_win.cc(73)] ReadMemory at 0x7ffc16f40000 of 64 bytes failed: Only part of a ReadProcessMemory or WriteProcessMemory request was completed. (0x12B)
[0102/233713.947:WARNING:pe_image_reader.cc(340)] could not read dos header from C:\Windows\System32\profapi.dll
[0102/233713.947:ERROR:process_memory_win.cc(73)] ReadMemory at 0x7ff628a30000 of 64 bytes failed: Only part of a ReadProcessMemory or WriteProcessMemory request was completed. (0x12B)
[0102/233713.947:WARNING:pe_image_reader.cc(340)] could not read dos header from C:\Program Files (x86)\Microsoft\Edge\Application\msedge.exe
[0102/233713.947:ERROR:process_memory_win.cc(73)] ReadMemory at 0x7ffc198d0000 of 64 bytes failed: Only part of a ReadProcessMemory or WriteProcessMemory request was completed. (0x12B)
[0102/233713.948:WARNING:pe_image_reader.cc(340)] could not read dos header from C:\Windows\SYSTEM32\ntdll.dll
[0102/233713.948:ERROR:process_memory_win.cc(73)] ReadMemory at 0x7ffc18aa0000 of 64 bytes failed: Only part of a ReadProcessMemory or WriteProcessMemory request was completed. (0x12B)
[0102/233713.948:WARNING:pe_image_reader.cc(340)] could not read dos header from C:\Windows\System32\KERNEL32.DLL
[0102/233713.948:ERROR:process_memory_win.cc(73)] ReadMemory at 0x7ffc174c0000 of 64 bytes failed: Only part of a ReadProcessMemory or WriteProcessMemory request was completed. (0x12B)
[0102/233713.948:WARNING:pe_image_reader.cc(340)] could not read dos header from C:\Windows\System32\KERNELBASE.dll
[0102/233713.948:ERROR:process_memory_win.cc(73)] ReadMemory at 0x7ffc12e90000 of 64 bytes failed: Only part of a ReadProcessMemory or WriteProcessMemory request was completed. (0x12B)
[0102/233713.948:WARNING:pe_image_reader.cc(340)] could not read dos header from C:\Program Files (x86)\Microsoft\Edge\Application\85.0.564.67\msedge_elf.dll
[0102/233713.949:ERROR:process_memory_win.cc(73)] ReadMemory at 0x7ffc18f70000 of 64 bytes failed: Only part of a ReadProcessMemory or WriteProcessMemory request was completed. (0x12B)
[0102/233713.949:WARNING:pe_image_reader.cc(340)] could not read dos header from C:\Windows\System32\ADVAPI32.dll
[0102/233713.949:ERROR:process_memory_win.cc(73)] ReadMemory at 0x7ffc19790000 of 64 bytes failed: Only part of a ReadProcessMemory or WriteProcessMemory request was completed. (0x12B)
[0102/233713.949:WARNING:pe_image_reader.cc(340)] could not read dos header from C:\Windows\System32\msvcrt.dll
[0102/233713.949:ERROR:process_memory_win.cc(73)] ReadMemory at 0x14526940000 of 64 bytes failed: Only part of a ReadProcessMemory or WriteProcessMemory request was completed. (0x12B)
[0102/233713.949:WARNING:pe_image_reader.cc(340)] could not read dos header from C:\Windows\System32\sechost.dll
[0102/233713.949:ERROR:process_memory_win.cc(73)] ReadMemory at 0x7ffc191d0000 of 64 bytes failed: Only part of a ReadProcessMemory or WriteProcessMemory request was completed. (0x12B)
[0102/233713.949:WARNING:pe_image_reader.cc(340)] could not read dos header from C:\Windows\System32\RPCRT4.dll
[0102/233713.950:ERROR:process_memory_win.cc(73)] ReadMemory at 0x7ffbd8d30000 of 64 bytes failed: Only part of a ReadProcessMemory or WriteProcessMemory request was completed. (0x12B)
[0102/233713.950:WARNING:pe_image_reader.cc(340)] could not read dos header from C:\Program Files (x86)\Microsoft\Edge\Application\85.0.564.67\msedge.dll
[0102/233713.950:ERROR:process_memory_win.cc(73)] ReadMemory at 0x7ffc18a00000 of 64 bytes failed: Only part of a ReadProcessMemory or WriteProcessMemory request was completed. (0x12B)
[0102/233713.950:WARNING:pe_image_reader.cc(340)] could not read dos header from C:\Windows\System32\WS2_32.dll
[0102/233713.950:ERROR:process_memory_win.cc(73)] ReadMemory at 0x7ffc19600000 of 64 bytes failed: Only part of a ReadProcessMemory or WriteProcessMemory request was completed. (0x12B)
[0102/233713.950:WARNING:pe_image_reader.cc(340)] could not read dos header from C:\Windows\System32\OLEAUT32.dll
[0102/233713.950:ERROR:process_memory_win.cc(73)] ReadMemory at 0x7ffc17890000 of 64 bytes failed: Only part of a ReadProcessMemory or WriteProcessMemory request was completed. (0x12B)
[0102/233713.951:WARNING:pe_image_reader.cc(340)] could not read dos header from C:\Windows\System32\msvcp_win.dll
[0102/233713.951:ERROR:process_memory_win.cc(73)] ReadMemory at 0x7ffc17220000 of 64 bytes failed: Only part of a ReadProcessMemory or WriteProcessMemory request was completed. (0x12B)
[0102/233713.951:WARNING:pe_image_reader.cc(340)] could not read dos header from C:\Windows\System32\ucrtbase.dll
[0102/233713.951:ERROR:process_memory_win.cc(73)] ReadMemory at 0x7ffc18c00000 of 64 bytes failed: Only part of a ReadProcessMemory or WriteProcessMemory request was completed. (0x12B)
[0102/233713.951:WARNING:pe_image_reader.cc(340)] could not read dos header from C:\Windows\System32\combase.dll
[0102/233713.951:ERROR:process_memory_win.cc(73)] ReadMemory at 0x7ffc17430000 of 64 bytes failed: Only part of a ReadProcessMemory or WriteProcessMemory request was completed. (0x12B)
[0102/233713.951:WARNING:pe_image_reader.cc(340)] could not read dos header from C:\Windows\System32\WINTRUST.dll
[0102/233713.952:ERROR:process_memory_win.cc(73)] ReadMemory at 0x7ffc170c0000 of 64 bytes failed: Only part of a ReadProcessMemory or WriteProcessMemory request was completed. (0x12B)
[0102/233713.952:WARNING:pe_image_reader.cc(340)] could not read dos header from C:\Windows\System32\CRYPT32.dll
[0102/233713.952:ERROR:process_memory_win.cc(73)] ReadMemory at 0x7ffc164a0000 of 64 bytes failed: Only part of a ReadProcessMemory or WriteProcessMemory request was completed. (0x12B)
[0102/233713.952:WARNING:pe_image_reader.cc(340)] could not read dos header from C:\Windows\SYSTEM32\IPHLPAPI.DLL
[0102/233713.952:ERROR:process_memory_win.cc(73)] ReadMemory at 0x7ffc078a0000 of 64 bytes failed: Only part of a ReadProcessMemory or WriteProcessMemory request was completed. (0x12B)
[0102/233713.952:WARNING:pe_image_reader.cc(340)] could not read dos header from C:\Windows\SYSTEM32\WINMM.dll
[0102/233713.952:ERROR:process_memory_win.cc(73)] ReadMemory at 0x7ffbffc00000 of 64 bytes failed: Only part of a ReadProcessMemory or WriteProcessMemory request was completed. (0x12B)
[0102/233713.953:WARNING:pe_image_reader.cc(340)] could not read dos header from C:\Windows\SYSTEM32\UIAutomationCore.DLL
[0102/233713.953:ERROR:process_memory_win.cc(73)] ReadMemory at 0x7ffc03b70000 of 64 bytes failed: Only part of a ReadProcessMemory or WriteProcessMemory request was completed. (0x12B)
[0102/233713.953:WARNING:pe_image_reader.cc(340)] could not read dos header from C:\Windows\SYSTEM32\Secur32.dll
[0102/233713.953:ERROR:process_memory_win.cc(73)] ReadMemory at 0x7ffc16f00000 of 64 bytes failed: Only part of a ReadProcessMemory or WriteProcessMemory request was completed. (0x12B)
[0102/233713.953:WARNING:pe_image_reader.cc(340)] could not read dos header from C:\Windows\SYSTEM32\USERENV.dll
[0102/233713.953:ERROR:process_memory_win.cc(73)] ReadMemory at 0x7ffc078d0000 of 64 bytes failed: Only part of a ReadProcessMemory or WriteProcessMemory request was completed. (0x12B)
[0102/233713.954:WARNING:pe_image_reader.cc(340)] could not read dos header from C:\Windows\SYSTEM32\WINHTTP.dll
[0102/233713.954:ERROR:process_memory_win.cc(73)] ReadMemory at 0x7ffc06110000 of 64 bytes failed: Only part of a ReadProcessMemory or WriteProcessMemory request was completed. (0x12B)
[0102/233713.954:WARNING:pe_image_reader.cc(340)] could not read dos header from C:\Windows\SYSTEM32\DWrite.dll
[0102/233713.954:ERROR:process_memory_win.cc(73)] ReadMemory at 0x7ffc09650000 of 64 bytes failed: Only part of a ReadProcessMemory or WriteProcessMemory request was completed. (0x12B)
[0102/233713.954:WARNING:pe_image_reader.cc(340)] could not read dos header from C:\Windows\SYSTEM32\WINSPOOL.DRV
[0102/233713.954:ERROR:process_memory_win.cc(73)] ReadMemory at 0x7ffc028e0000 of 64 bytes failed: Only part of a ReadProcessMemory or WriteProcessMemory request was completed. (0x12B)
[0102/233713.954:WARNING:pe_image_reader.cc(340)] could not read dos header from C:\Windows\SYSTEM32\dbghelp.dll
[0102/233713.955:ERROR:process_memory_win.cc(73)] ReadMemory at 0x7ffc16af0000 of 64 bytes failed: Only part of a ReadProcessMemory or WriteProcessMemory request was completed. (0x12B)
[0102/233713.955:WARNING:pe_image_reader.cc(340)] could not read dos header from C:\Windows\SYSTEM32\ncrypt.dll
[0102/233713.955:ERROR:process_memory_win.cc(73)] ReadMemory at 0x7ffc0d980000 of 64 bytes failed: Only part of a ReadProcessMemory or WriteProcessMemory request was completed. (0x12B)
[0102/233713.955:WARNING:pe_image_reader.cc(340)] could not read dos header from C:\Windows\SYSTEM32\dhcpcsvc.DLL
[0102/233713.955:ERROR:process_memory_win.cc(73)] ReadMemory at 0x7ffc12490000 of 64 bytes failed: Only part of a ReadProcessMemory or WriteProcessMemory request was completed. (0x12B)
[0102/233713.955:WARNING:pe_image_reader.cc(340)] could not read dos header from C:\Windows\SYSTEM32\PROPSYS.dll
[0102/233713.956:ERROR:process_memory_win.cc(73)] ReadMemory at 0x7ffc16ec0000 of 64 bytes failed: Only part of a ReadProcessMemory or WriteProcessMemory request was completed. (0x12B)
[0102/233713.956:WARNING:pe_image_reader.cc(340)] could not read dos header from C:\Windows\SYSTEM32\SSPICLI.DLL
[0102/233713.957:ERROR:process_memory_win.cc(73)] ReadMemory at 0x7ffc17490000 of 64 bytes failed: Only part of a ReadProcessMemory or WriteProcessMemory request was completed. (0x12B)
[0102/233713.957:WARNING:pe_image_reader.cc(340)] could not read dos header from C:\Windows\System32\BCRYPT.DLL
[0102/233713.957:ERROR:process_memory_win.cc(73)] ReadMemory at 0x7ffc16c00000 of 64 bytes failed: Only part of a ReadProcessMemory or WriteProcessMemory request was completed. (0x12B)
[0102/233713.957:WARNING:pe_image_reader.cc(340)] could not read dos header from C:\Windows\System32\MSASN1.dll
[0102/233713.958:ERROR:process_memory_win.cc(73)] ReadMemory at 0x7ffc17040000 of 64 bytes failed: Only part of a ReadProcessMemory or WriteProcessMemory request was completed. (0x12B)
[0102/233713.958:WARNING:pe_image_reader.cc(340)] could not read dos header from C:\Windows\System32\bcryptPrimitives.dll
[0102/233713.959:ERROR:process_memory_win.cc(73)] ReadMemory at 0x7ffc16ab0000 of 64 bytes failed: Only part of a ReadProcessMemory or WriteProcessMemory request was completed. (0x12B)
[0102/233713.959:WARNING:pe_image_reader.cc(340)] could not read dos header from C:\Windows\SYSTEM32\NTASN1.dll
[0102/233713.959:ERROR:process_memory_win.cc(73)] ReadMemory at 0x7ffc169f0000 of 64 bytes failed: Only part of a ReadProcessMemory or WriteProcessMemory request was completed. (0x12B)
[0102/233713.959:WARNING:pe_image_reader.cc(340)] could not read dos header from C:\Windows\SYSTEM32\CRYPTBASE.DLL
[0102/233713.960:ERROR:process_memory_win.cc(73)] ReadMemory at 0x7ffc16f40000 of 64 bytes failed: Only part of a ReadProcessMemory or WriteProcessMemory request was completed. (0x12B)
[0102/233713.960:WARNING:pe_image_reader.cc(340)] could not read dos header from C:\Windows\System32\profapi.dll
[0102/233714.591:ERROR:process_memory_win.cc(73)] ReadMemory at 0x37c3ff6000 of 40960 bytes failed: Only part of a ReadProcessMemory or WriteProcessMemory request was completed. (0x12B)
[0102/233714.592:ERROR:process_memory_win.cc(73)] ReadMemory at 0x37c47fe000 of 8192 bytes failed: Only part of a ReadProcessMemory or WriteProcessMemory request was completed. (0x12B)
[0102/233714.592:ERROR:process_memory_win.cc(73)] ReadMemory at 0x37c4ffd000 of 12288 bytes failed: Only part of a ReadProcessMemory or WriteProcessMemory request was completed. (0x12B)
[0102/233714.593:ERROR:process_memory_win.cc(73)] ReadMemory at 0x37c57f6000 of 40960 bytes failed: Only part of a ReadProcessMemory or WriteProcessMemory request was completed. (0x12B)
[0102/233714.770:ERROR:process_memory_win.cc(73)] ReadMemory at 0x37c5ffc000 of 16384 bytes failed: Only part of a ReadProcessMemory or WriteProcessMemory request was completed. (0x12B)
[0102/233714.770:ERROR:process_memory_win.cc(73)] ReadMemory at 0x37c67fc000 of 16384 bytes failed: Only part of a ReadProcessMemory or WriteProcessMemory request was completed. (0x12B)
[0102/233714.771:ERROR:process_memory_win.cc(73)] ReadMemory at 0x37c6ffd000 of 12288 bytes failed: Only part of a ReadProcessMemory or WriteProcessMemory request was completed. (0x12B)
[0102/233714.771:ERROR:process_memory_win.cc(73)] ReadMemory at 0x37c77fc000 of 16384 bytes failed: Only part of a ReadProcessMemory or WriteProcessMemory request was completed. (0x12B)
[0102/233714.771:ERROR:process_memory_win.cc(73)] ReadMemory at 0x37c87fd000 of 12288 bytes failed: Only part of a ReadProcessMemory or WriteProcessMemory request was completed. (0x12B)
[0102/233714.772:ERROR:process_memory_win.cc(73)] ReadMemory at 0x37c8ffd000 of 12288 bytes failed: Only part of a ReadProcessMemory or WriteProcessMemory request was completed. (0x12B)
[0102/233714.772:ERROR:process_memory_win.cc(73)] ReadMemory at 0x37c97fd000 of 12288 bytes failed: Only part of a ReadProcessMemory or WriteProcessMemory request was completed. (0x12B)
[0102/233714.773:ERROR:process_memory_win.cc(73)] ReadMemory at 0x37c9ffd000 of 12288 bytes failed: Only part of a ReadProcessMemory or WriteProcessMemory request was completed. (0x12B)
[0102/233714.773:ERROR:process_memory_win.cc(73)] ReadMemory at 0x37ca7fd000 of 12288 bytes failed: Only part of a ReadProcessMemory or WriteProcessMemory request was completed. (0x12B)
[0102/233714.773:ERROR:process_memory_win.cc(73)] ReadMemory at 0x37caffc000 of 16384 bytes failed: Only part of a ReadProcessMemory or WriteProcessMemory request was completed. (0x12B)
[0102/233714.774:ERROR:process_memory_win.cc(73)] ReadMemory at 0x37cb7fc000 of 16384 bytes failed: Only part of a ReadProcessMemory or WriteProcessMemory request was completed. (0x12B)
[0102/233714.774:ERROR:process_memory_win.cc(73)] ReadMemory at 0x37c7fff000 of 4096 bytes failed: Only part of a ReadProcessMemory or WriteProcessMemory request was completed. (0x12B)
[0102/233714.774:ERROR:process_memory_win.cc(73)] ReadMemory at 0x37c3625000 of 852 bytes failed: Only part of a ReadProcessMemory or WriteProcessMemory request was completed. (0x12B)
[0102/233714.775:ERROR:process_memory_win.cc(73)] ReadMemory at 0x37c3626000 of 6024 bytes failed: Only part of a ReadProcessMemory or WriteProcessMemory request was completed. (0x12B)
[0102/233714.775:ERROR:process_memory_win.cc(73)] ReadMemory at 0x37c3628000 of 6024 bytes failed: Only part of a ReadProcessMemory or WriteProcessMemory request was completed. (0x12B)
[0102/233714.775:ERROR:process_memory_win.cc(73)] ReadMemory at 0x37c362a000 of 6024 bytes failed: Only part of a ReadProcessMemory or WriteProcessMemory request was completed. (0x12B)
[0102/233714.775:ERROR:process_memory_win.cc(73)] ReadMemory at 0x37c362c000 of 6024 bytes failed: Only part of a ReadProcessMemory or WriteProcessMemory request was completed. (0x12B)
[0102/233714.776:ERROR:process_memory_win.cc(73)] ReadMemory at 0x37c362e000 of 6024 bytes failed: Only part of a ReadProcessMemory or WriteProcessMemory request was completed. (0x12B)
[0102/233714.776:ERROR:process_memory_win.cc(73)] ReadMemory at 0x37c3630000 of 6024 bytes failed: Only part of a ReadProcessMemory or WriteProcessMemory request was completed. (0x12B)
[0102/233714.776:ERROR:process_memory_win.cc(73)] ReadMemory at 0x37c3632000 of 6024 bytes failed: Only part of a ReadProcessMemory or WriteProcessMemory request was completed. (0x12B)
[0102/233714.776:ERROR:process_memory_win.cc(73)] ReadMemory at 0x37c3634000 of 6024 bytes failed: Only part of a ReadProcessMemory or WriteProcessMemory request was completed. (0x12B)
[0102/233714.777:ERROR:process_memory_win.cc(73)] ReadMemory at 0x37c3638000 of 6024 bytes failed: Only part of a ReadProcessMemory or WriteProcessMemory request was completed. (0x12B)
[0102/233714.777:ERROR:process_memory_win.cc(73)] ReadMemory at 0x37c363a000 of 6024 bytes failed: Only part of a ReadProcessMemory or WriteProcessMemory request was completed. (0x12B)
[0102/233714.777:ERROR:process_memory_win.cc(73)] ReadMemory at 0x37c363c000 of 6024 bytes failed: Only part of a ReadProcessMemory or WriteProcessMemory request was completed. (0x12B)
[0102/233714.777:ERROR:process_memory_win.cc(73)] ReadMemory at 0x37c363e000 of 6024 bytes failed: Only part of a ReadProcessMemory or WriteProcessMemory request was completed. (0x12B)
[0102/233714.778:ERROR:process_memory_win.cc(73)] ReadMemory at 0x37c3640000 of 6024 bytes failed: Only part of a ReadProcessMemory or WriteProcessMemory request was completed. (0x12B)
[0102/233714.779:ERROR:process_memory_win.cc(73)] ReadMemory at 0x37c3642000 of 6024 bytes failed: Only part of a ReadProcessMemory or WriteProcessMemory request was completed. (0x12B)
[0102/233714.779:ERROR:process_memory_win.cc(73)] ReadMemory at 0x37c3644000 of 6024 bytes failed: Only part of a ReadProcessMemory or WriteProcessMemory request was completed. (0x12B)
[0102/233714.779:ERROR:process_memory_win.cc(73)] ReadMemory at 0x37c3646000 of 6024 bytes failed: Only part of a ReadProcessMemory or WriteProcessMemory request was completed. (0x12B)
[0102/233714.779:ERROR:process_memory_win.cc(73)] ReadMemory at 0x145261b02c0 of 40 bytes failed: Only part of a ReadProcessMemory or WriteProcessMemory request was completed. (0x12B)
[0102/233714.780:ERROR:process_memory_win.cc(73)] ReadMemory at 0x145263202c0 of 40 bytes failed: Only part of a ReadProcessMemory or WriteProcessMemory request was completed. (0x12B)
[0102/233714.780:ERROR:process_memory_win.cc(73)] ReadMemory at 0x145264027f0 of 16604 bytes failed: Only part of a ReadProcessMemory or WriteProcessMemory request was completed. (0x12B)
[0102/233714.780:ERROR:process_memory_win.cc(73)] ReadMemory at 0x145264068e0 of 1012 bytes failed: Only part of a ReadProcessMemory or WriteProcessMemory request was completed. (0x12B)
[0102/233714.781:ERROR:process_memory_win.cc(73)] ReadMemory at 0x14526406f28 of 120 bytes failed: Only part of a ReadProcessMemory or WriteProcessMemory request was completed. (0x12B)
[0102/233714.781:ERROR:process_memory_win.cc(73)] ReadMemory at 0x14526406fa2 of 752 bytes failed: Only part of a ReadProcessMemory or WriteProcessMemory request was completed. (0x12B)
[0102/233714.781:ERROR:process_memory_win.cc(73)] ReadMemory at 0x14526407294 of 120 bytes failed: Only part of a ReadProcessMemory or WriteProcessMemory request was completed. (0x12B)
[0102/233714.781:ERROR:process_memory_win.cc(73)] ReadMemory at 0x1452640730e of 96 bytes failed: Only part of a ReadProcessMemory or WriteProcessMemory request was completed. (0x12B)
[0102/233714.781:ERROR:process_memory_win.cc(73)] ReadMemory at 0x14526407390 of 58 bytes failed: Only part of a ReadProcessMemory or WriteProcessMemory request was completed. (0x12B)
[0102/233714.782:ERROR:process_memory_win.cc(73)] ReadMemory at 0x145264074a0 of 132 bytes failed: Only part of a ReadProcessMemory or WriteProcessMemory request was completed. (0x12B)
[0102/233714.782:ERROR:process_memory_win.cc(73)] ReadMemory at 0x14526407630 of 132 bytes failed: Only part of a ReadProcessMemory or WriteProcessMemory request was completed. (0x12B)
[0102/233714.782:ERROR:process_memory_win.cc(73)] ReadMemory at 0x14526407740 of 512 bytes failed: Only part of a ReadProcessMemory or WriteProcessMemory request was completed. (0x12B)
[0102/233714.782:ERROR:process_memory_win.cc(73)] ReadMemory at 0x14526407c10 of 132 bytes failed: Only part of a ReadProcessMemory or WriteProcessMemory request was completed. (0x12B)
[0102/233714.783:ERROR:process_memory_win.cc(73)] ReadMemory at 0x14526407da0 of 64 bytes failed: Only part of a ReadProcessMemory or WriteProcessMemory request was completed. (0x12B)
[0102/233714.783:ERROR:process_memory_win.cc(73)] ReadMemory at 0x14526407f70 of 132 bytes failed: Only part of a ReadProcessMemory or WriteProcessMemory request was completed. (0x12B)
[0102/233714.783:ERROR:process_memory_win.cc(73)] ReadMemory at 0x14526408230 of 132 bytes failed: Only part of a ReadProcessMemory or WriteProcessMemory request was completed. (0x12B)
[0102/233714.783:ERROR:process_memory_win.cc(73)] ReadMemory at 0x145264083c0 of 68 bytes failed: Only part of a ReadProcessMemory or WriteProcessMemory request was completed. (0x12B)
[0102/233714.784:ERROR:process_memory_win.cc(73)] ReadMemory at 0x145264093e0 of 152 bytes failed: Only part of a ReadProcessMemory or WriteProcessMemory request was completed. (0x12B)
[0102/233714.784:ERROR:process_memory_win.cc(73)] ReadMemory at 0x145264160d0 of 60 bytes failed: Only part of a ReadProcessMemory or WriteProcessMemory request was completed. (0x12B)
[0102/233714.784:ERROR:process_memory_win.cc(73)] ReadMemory at 0x14526416590 of 60 bytes failed: Only part of a ReadProcessMemory or WriteProcessMemory request was completed. (0x12B)
[0102/233714.784:ERROR:process_memory_win.cc(73)] ReadMemory at 0x14526416810 of 62 bytes failed: Only part of a ReadProcessMemory or WriteProcessMemory request was completed. (0x12B)
[0102/233714.785:ERROR:process_memory_win.cc(73)] ReadMemory at 0x14526417290 of 80 bytes failed: Only part of a ReadProcessMemory or WriteProcessMemory request was completed. (0x12B)
[0102/233714.785:ERROR:process_memory_win.cc(73)] ReadMemory at 0x145264172f0 of 40 bytes failed: Only part of a ReadProcessMemory or WriteProcessMemory request was completed. (0x12B)
[0102/233714.785:ERROR:process_memory_win.cc(73)] ReadMemory at 0x14526417a10 of 80 bytes failed: Only part of a ReadProcessMemory or WriteProcessMemory request was completed. (0x12B)
[0102/233714.785:ERROR:process_memory_win.cc(73)] ReadMemory at 0x1452641c640 of 64 bytes failed: Only part of a ReadProcessMemory or WriteProcessMemory request was completed. (0x12B)
[0102/233714.785:ERROR:process_memory_win.cc(73)] ReadMemory at 0x1452641caf0 of 64 bytes failed: Only part of a ReadProcessMemory or WriteProcessMemory request was completed. (0x12B)
[0102/233714.786:ERROR:process_memory_win.cc(73)] ReadMemory at 0x1452641cc80 of 64 bytes failed: Only part of a ReadProcessMemory or WriteProcessMemory request was completed. (0x12B)
[0102/233714.786:ERROR:process_memory_win.cc(73)] ReadMemory at 0x1452641ccd0 of 66 bytes failed: Only part of a ReadProcessMemory or WriteProcessMemory request was completed. (0x12B)
[0102/233714.786:ERROR:process_memory_win.cc(73)] ReadMemory at 0x1452641cd70 of 64 bytes failed: Only part of a ReadProcessMemory or WriteProcessMemory request was completed. (0x12B)
[0102/233714.786:ERROR:process_memory_win.cc(73)] ReadMemory at 0x1452641d050 of 60 bytes failed: Only part of a ReadProcessMemory or WriteProcessMemory request was completed. (0x12B)
[0102/233714.786:ERROR:process_memory_win.cc(73)] ReadMemory at 0x1452641d1d0 of 58 bytes failed: Only part of a ReadProcessMemory or WriteProcessMemory request was completed. (0x12B)
[0102/233714.787:ERROR:process_memory_win.cc(73)] ReadMemory at 0x1452641d250 of 62 bytes failed: Only part of a ReadProcessMemory or WriteProcessMemory request was completed. (0x12B)
[0102/233714.787:ERROR:process_memory_win.cc(73)] ReadMemory at 0x1452641d290 of 62 bytes failed: Only part of a ReadProcessMemory or WriteProcessMemory request was completed. (0x12B)
[0102/233714.787:ERROR:process_memory_win.cc(73)] ReadMemory at 0x1452641d2d0 of 62 bytes failed: Only part of a ReadProcessMemory or WriteProcessMemory request was completed. (0x12B)
[0102/233714.787:ERROR:process_memory_win.cc(73)] ReadMemory at 0x1452641d310 of 60 bytes failed: Only part of a ReadProcessMemory or WriteProcessMemory request was completed. (0x12B)
[0102/233714.788:ERROR:process_memory_win.cc(73)] ReadMemory at 0x1452641d450 of 62 bytes failed: Only part of a ReadProcessMemory or WriteProcessMemory request was completed. (0x12B)
[0102/233714.788:ERROR:process_memory_win.cc(73)] ReadMemory at 0x1452641d4d0 of 62 bytes failed: Only part of a ReadProcessMemory or WriteProcessMemory request was completed. (0x12B)
[0102/233714.789:ERROR:process_memory_win.cc(73)] ReadMemory at 0x1452641d510 of 62 bytes failed: Only part of a ReadProcessMemory or WriteProcessMemory request was completed. (0x12B)
[0102/233714.790:ERROR:process_memory_win.cc(73)] ReadMemory at 0x1452641d610 of 60 bytes failed: Only part of a ReadProcessMemory or WriteProcessMemory request was completed. (0x12B)
[0102/233714.791:ERROR:process_memory_win.cc(73)] ReadMemory at 0x1452641d650 of 62 bytes failed: Only part of a ReadProcessMemory or WriteProcessMemory request was completed. (0x12B)
[0102/233714.791:ERROR:process_memory_win.cc(73)] ReadMemory at 0x1452641d690 of 60 bytes failed: Only part of a ReadProcessMemory or WriteProcessMemory request was completed. (0x12B)
[0102/233714.792:ERROR:process_memory_win.cc(73)] ReadMemory at 0x1452641d810 of 62 bytes failed: Only part of a ReadProcessMemory or WriteProcessMemory request was completed. (0x12B)
[0102/233714.792:ERROR:process_memory_win.cc(73)] ReadMemory at 0x1452641f040 of 132 bytes failed: Only part of a ReadProcessMemory or WriteProcessMemory request was completed. (0x12B)
[0102/233714.793:ERROR:process_memory_win.cc(73)] ReadMemory at 0x1452641f160 of 132 bytes failed: Only part of a ReadProcessMemory or WriteProcessMemory request was completed. (0x12B)
[0102/233714.793:ERROR:process_memory_win.cc(73)] ReadMemory at 0x1452641f280 of 132 bytes failed: Only part of a ReadProcessMemory or WriteProcessMemory request was completed. (0x12B)
[0102/233714.793:ERROR:process_memory_win.cc(73)] ReadMemory at 0x1452641f3a0 of 132 bytes failed: Only part of a ReadProcessMemory or WriteProcessMemory request was completed. (0x12B)
[0102/233714.794:ERROR:process_memory_win.cc(73)] ReadMemory at 0x1452641f5e0 of 132 bytes failed: Only part of a ReadProcessMemory or WriteProcessMemory request was completed. (0x12B)
[0102/233714.794:ERROR:process_memory_win.cc(73)] ReadMemory at 0x1452641f700 of 132 bytes failed: Only part of a ReadProcessMemory or WriteProcessMemory request was completed. (0x12B)
[0102/233714.794:ERROR:process_memory_win.cc(73)] ReadMemory at 0x1452641f820 of 132 bytes failed: Only part of a ReadProcessMemory or WriteProcessMemory request was completed. (0x12B)
[0102/233714.795:ERROR:process_memory_win.cc(73)] ReadMemory at 0x1452641f940 of 132 bytes failed: Only part of a ReadProcessMemory or WriteProcessMemory request was completed. (0x12B)
[0102/233714.795:ERROR:process_memory_win.cc(73)] ReadMemory at 0x1452641fa60 of 132 bytes failed: Only part of a ReadProcessMemory or WriteProcessMemory request was completed. (0x12B)
[0102/233714.795:ERROR:process_memory_win.cc(73)] ReadMemory at 0x1452641fb80 of 132 bytes failed: Only part of a ReadProcessMemory or WriteProcessMemory request was completed. (0x12B)
[0102/233714.796:ERROR:process_memory_win.cc(73)] ReadMemory at 0x1452641fca0 of 132 bytes failed: Only part of a ReadProcessMemory or WriteProcessMemory request was completed. (0x12B)
[0102/233714.796:ERROR:process_memory_win.cc(73)] ReadMemory at 0x1452641fdc0 of 132 bytes failed: Only part of a ReadProcessMemory or WriteProcessMemory request was completed. (0x12B)
[0102/233714.796:ERROR:process_memory_win.cc(73)] ReadMemory at 0x1452641fee0 of 132 bytes failed: Only part of a ReadProcessMemory or WriteProcessMemory request was completed. (0x12B)
[0102/233714.797:ERROR:process_memory_win.cc(73)] ReadMemory at 0x14526421160 of 132 bytes failed: Only part of a ReadProcessMemory or WriteProcessMemory request was completed. (0x12B)
[0102/233714.797:ERROR:process_memory_win.cc(73)] ReadMemory at 0x14526421280 of 132 bytes failed: Only part of a ReadProcessMemory or WriteProcessMemory request was completed. (0x12B)
[0102/233714.797:ERROR:process_memory_win.cc(73)] ReadMemory at 0x145264213a0 of 132 bytes failed: Only part of a ReadProcessMemory or WriteProcessMemory request was completed. (0x12B)
[0102/233714.797:ERROR:process_memory_win.cc(73)] ReadMemory at 0x145264215e0 of 132 bytes failed: Only part of a ReadProcessMemory or WriteProcessMemory request was completed. (0x12B)
[0102/233714.798:ERROR:process_memory_win.cc(73)] ReadMemory at 0x14526421820 of 132 bytes failed: Only part of a ReadProcessMemory or WriteProcessMemory request was completed. (0x12B)
[0102/233714.798:ERROR:process_memory_win.cc(73)] ReadMemory at 0x14526421b80 of 132 bytes failed: Only part of a ReadProcessMemory or WriteProcessMemory request was completed. (0x12B)
[0102/233714.798:ERROR:process_memory_win.cc(73)] ReadMemory at 0x145264235a0 of 66 bytes failed: Only part of a ReadProcessMemory or WriteProcessMemory request was completed. (0x12B)
[0102/233714.798:ERROR:process_memory_win.cc(73)] ReadMemory at 0x14526424250 of 60 bytes failed: Only part of a ReadProcessMemory or WriteProcessMemory request was completed. (0x12B)
[0102/233714.799:ERROR:process_memory_win.cc(73)] ReadMemory at 0x14526424710 of 60 bytes failed: Only part of a ReadProcessMemory or WriteProcessMemory request was completed. (0x12B)
[0102/233714.799:ERROR:process_memory_win.cc(73)] ReadMemory at 0x14526425910 of 64 bytes failed: Only part of a ReadProcessMemory or WriteProcessMemory request was completed. (0x12B)
[0102/233714.799:ERROR:process_memory_win.cc(73)] ReadMemory at 0x14526425b90 of 64 bytes failed: Only part of a ReadProcessMemory or WriteProcessMemory request was completed. (0x12B)
[0102/233714.799:ERROR:process_memory_win.cc(73)] ReadMemory at 0x14526425dc0 of 64 bytes failed: Only part of a ReadProcessMemory or WriteProcessMemory request was completed. (0x12B)
[0102/233714.799:ERROR:process_memory_win.cc(73)] ReadMemory at 0x1452642bfc0 of 132 bytes failed: Only part of a ReadProcessMemory or WriteProcessMemory request was completed. (0x12B)
[0102/233714.800:ERROR:process_memory_win.cc(73)] ReadMemory at 0x1452642c2e0 of 132 bytes failed: Only part of a ReadProcessMemory or WriteProcessMemory request was completed. (0x12B)
[0102/233714.800:ERROR:process_memory_win.cc(73)] ReadMemory at 0x1452642c630 of 132 bytes failed: Only part of a ReadProcessMemory or WriteProcessMemory request was completed. (0x12B)
[0102/233714.800:ERROR:process_memory_win.cc(73)] ReadMemory at 0x1452642e4e0 of 132 bytes failed: Only part of a ReadProcessMemory or WriteProcessMemory request was completed. (0x12B)
[0102/233714.800:ERROR:process_memory_win.cc(73)] ReadMemory at 0x1452642e700 of 132 bytes failed: Only part of a ReadProcessMemory or WriteProcessMemory request was completed. (0x12B)
[0102/233714.801:ERROR:process_memory_win.cc(73)] ReadMemory at 0x1452642ea60 of 132 bytes failed: Only part of a ReadProcessMemory or WriteProcessMemory request was completed. (0x12B)
[0102/233714.801:ERROR:process_memory_win.cc(73)] ReadMemory at 0x1452642eda0 of 132 bytes failed: Only part of a ReadProcessMemory or WriteProcessMemory request was completed. (0x12B)
[0102/233714.801:ERROR:process_memory_win.cc(73)] ReadMemory at 0x1452642f0a0 of 132 bytes failed: Only part of a ReadProcessMemory or WriteProcessMemory request was completed. (0x12B)
[0102/233714.801:ERROR:process_memory_win.cc(73)] ReadMemory at 0x14526430e30 of 132 bytes failed: Only part of a ReadProcessMemory or WriteProcessMemory request was completed. (0x12B)
[0102/233714.801:ERROR:process_memory_win.cc(73)] ReadMemory at 0x14526430f60 of 144 bytes failed: Only part of a ReadProcessMemory or WriteProcessMemory request was completed. (0x12B)
[0102/233714.802:ERROR:process_memory_win.cc(73)] ReadMemory at 0x14526431040 of 132 bytes failed: Only part of a ReadProcessMemory or WriteProcessMemory request was completed. (0x12B)
[0102/233714.802:ERROR:process_memory_win.cc(73)] ReadMemory at 0x14526431630 of 132 bytes failed: Only part of a ReadProcessMemory or WriteProcessMemory request was completed. (0x12B)
[0102/233714.802:ERROR:process_memory_win.cc(73)] ReadMemory at 0x14526446070 of 512 bytes failed: Only part of a ReadProcessMemory or WriteProcessMemory request was completed. (0x12B)
[0102/233714.802:ERROR:process_memory_win.cc(73)] ReadMemory at 0x1452644bb20 of 124 bytes failed: Only part of a ReadProcessMemory or WriteProcessMemory request was completed. (0x12B)
[0102/233714.803:ERROR:process_memory_win.cc(73)] ReadMemory at 0x14526472c00 of 512 bytes failed: Only part of a ReadProcessMemory or WriteProcessMemory request was completed. (0x12B)
[0102/233714.803:ERROR:process_memory_win.cc(73)] ReadMemory at 0x14526472e80 of 512 bytes failed: Only part of a ReadProcessMemory or WriteProcessMemory request was completed. (0x12B)
[0102/233714.803:ERROR:process_memory_win.cc(73)] ReadMemory at 0x14526491be0 of 512 bytes failed: Only part of a ReadProcessMemory or WriteProcessMemory request was completed. (0x12B)
[0102/233714.803:ERROR:process_memory_win.cc(73)] ReadMemory at 0x14526492503 of 512 bytes failed: Only part of a ReadProcessMemory or WriteProcessMemory request was completed. (0x12B)
[0102/233714.804:ERROR:process_memory_win.cc(73)] ReadMemory at 0x145264929b0 of 512 bytes failed: Only part of a ReadProcessMemory or WriteProcessMemory request was completed. (0x12B)
[0102/233714.804:ERROR:process_memory_win.cc(73)] ReadMemory at 0x145264a0150 of 712 bytes failed: Only part of a ReadProcessMemory or WriteProcessMemory request was completed. (0x12B)
[0102/233714.804:ERROR:process_memory_win.cc(73)] ReadMemory at 0x145264a21c0 of 712 bytes failed: Only part of a ReadProcessMemory or WriteProcessMemory request was completed. (0x12B)
[0102/233714.804:ERROR:process_memory_win.cc(73)] ReadMemory at 0x145264aac30 of 512 bytes failed: Only part of a ReadProcessMemory or WriteProcessMemory request was completed. (0x12B)
[0102/233714.805:ERROR:process_memory_win.cc(73)] ReadMemory at 0x145264cb140 of 512 bytes failed: Only part of a ReadProcessMemory or WriteProcessMemory request was completed. (0x12B)
[0102/233714.805:ERROR:process_memory_win.cc(73)] ReadMemory at 0x14526b077f0 of 512 bytes failed: Only part of a ReadProcessMemory or WriteProcessMemory request was completed. (0x12B)
[0102/233714.806:ERROR:process_memory_win.cc(73)] ReadMemory at 0x14526b07c60 of 40 bytes failed: Only part of a ReadProcessMemory or WriteProcessMemory request was completed. (0x12B)
[0102/233714.806:ERROR:process_memory_win.cc(73)] ReadMemory at 0x14526b16fc0 of 512 bytes failed: Only part of a ReadProcessMemory or WriteProcessMemory request was completed. (0x12B)
[0102/233714.807:ERROR:process_memory_win.cc(73)] ReadMemory at 0x14526bf9c50 of 512 bytes failed: Only part of a ReadProcessMemory or WriteProcessMemory request was completed. (0x12B)
[0102/233714.807:ERROR:process_memory_win.cc(73)] ReadMemory at 0x1452866d9f8 of 512 bytes failed: Only part of a ReadProcessMemory or WriteProcessMemory request was completed. (0x12B)
[0102/233714.807:ERROR:process_memory_win.cc(73)] ReadMemory at 0x14528699fbc of 512 bytes failed: Only part of a ReadProcessMemory or WriteProcessMemory request was completed. (0x12B)
[0102/233714.808:ERROR:process_memory_win.cc(73)] ReadMemory at 0x1452869bfd0 of 512 bytes failed: Only part of a ReadProcessMemory or WriteProcessMemory request was completed. (0x12B)
[0102/233714.808:ERROR:process_memory_win.cc(73)] ReadMemory at 0x145286dd580 of 512 bytes failed: Only part of a ReadProcessMemory or WriteProcessMemory request was completed. (0x12B)
[0102/233714.809:ERROR:process_memory_win.cc(73)] ReadMemory at 0x145286e6610 of 512 bytes failed: Only part of a ReadProcessMemory or WriteProcessMemory request was completed. (0x12B)
[0102/233714.809:ERROR:process_memory_win.cc(73)] ReadMemory at 0x159a00000000 of 384 bytes failed: Only part of a ReadProcessMemory or WriteProcessMemory request was completed. (0x12B)
[0102/233714.810:ERROR:process_memory_win.cc(73)] ReadMemory at 0x159a001db18b of 512 bytes failed: Only part of a ReadProcessMemory or WriteProcessMemory request was completed. (0x12B)
[0102/233714.810:ERROR:process_memory_win.cc(73)] ReadMemory at 0x159a0804028d of 512 bytes failed: Only part of a ReadProcessMemory or WriteProcessMemory request was completed. (0x12B)
[0102/233714.810:ERROR:process_memory_win.cc(73)] ReadMemory at 0x159a08281bd3 of 512 bytes failed: Only part of a ReadProcessMemory or WriteProcessMemory request was completed. (0x12B)
[0102/233714.811:ERROR:process_memory_win.cc(73)] ReadMemory at 0x159a084939d1 of 512 bytes failed: Only part of a ReadProcessMemory or WriteProcessMemory request was completed. (0x12B)
[0102/233714.811:ERROR:process_memory_win.cc(73)] ReadMemory at 0x159a0868f925 of 512 bytes failed: Only part of a ReadProcessMemory or WriteProcessMemory request was completed. (0x12B)
[0102/233714.811:ERROR:process_memory_win.cc(73)] ReadMemory at 0x159a0a945fd5 of 512 bytes failed: Only part of a ReadProcessMemory or WriteProcessMemory request was completed. (0x12B)
[0102/233714.811:ERROR:process_memory_win.cc(73)] ReadMemory at 0x159a0b6e3ea5 of 512 bytes failed: Only part of a ReadProcessMemory or WriteProcessMemory request was completed. (0x12B)
[0102/233714.812:ERROR:process_memory_win.cc(73)] ReadMemory at 0x159a14068df1 of 512 bytes failed: Only part of a ReadProcessMemory or WriteProcessMemory request was completed. (0x12B)
[0102/233714.812:ERROR:process_memory_win.cc(73)] ReadMemory at 0x159a141d4b71 of 512 bytes failed: Only part of a ReadProcessMemory or WriteProcessMemory request was completed. (0x12B)
[0102/233714.812:ERROR:process_memory_win.cc(73)] ReadMemory at 0x7ffbda775666 of 512 bytes failed: Only part of a ReadProcessMemory or WriteProcessMemory request was completed. (0x12B)
[0102/233714.981:ERROR:process_memory_win.cc(73)] ReadMemory at 0x7ffbdc95ab60 of 512 bytes failed: Only part of a ReadProcessMemory or WriteProcessMemory request was completed. (0x12B)
[0102/233714.981:ERROR:process_memory_win.cc(73)] ReadMemory at 0x7ffbe0cc5568 of 512 bytes failed: Only part of a ReadProcessMemory or WriteProcessMemory request was completed. (0x12B)
[0102/233714.981:ERROR:process_memory_win.cc(73)] ReadMemory at 0x7ffc12ee9cdd of 512 bytes failed: Only part of a ReadProcessMemory or WriteProcessMemory request was completed. (0x12B)
[0102/233714.982:ERROR:process_memory_win.cc(73)] ReadMemory at 0x7ffc12f06de4 of 512 bytes failed: Only part of a ReadProcessMemory or WriteProcessMemory request was completed. (0x12B)
[0102/233714.982:ERROR:process_memory_win.cc(73)] ReadMemory at 0x7ffc12f79e30 of 544 bytes failed: Only part of a ReadProcessMemory or WriteProcessMemory request was completed. (0x12B)
[0102/233714.982:ERROR:process_memory_win.cc(73)] ReadMemory at 0x7ffc12f7f3c8 of 40 bytes failed: Only part of a ReadProcessMemory or WriteProcessMemory request was completed. (0x12B)
[0102/233714.982:ERROR:process_memory_win.cc(73)] ReadMemory at 0x7ffc16ef5020 of 40 bytes failed: Only part of a ReadProcessMemory or WriteProcessMemory request was completed. (0x12B)
[0102/233714.983:ERROR:process_memory_win.cc(73)] ReadMemory at 0x7ffc18ac4a50 of 512 bytes failed: Only part of a ReadProcessMemory or WriteProcessMemory request was completed. (0x12B)
[0102/233714.983:ERROR:process_memory_win.cc(73)] ReadMemory at 0x7ffc1996bfb4 of 672 bytes failed: Only part of a ReadProcessMemory or WriteProcessMemory request was completed. (0x12B)
[0102/233714.983:ERROR:process_memory_win.cc(73)] ReadMemory at 0x7ffc1996f924 of 608 bytes failed: Only part of a ReadProcessMemory or WriteProcessMemory request was completed. (0x12B)
[0102/233714.983:ERROR:process_memory_win.cc(73)] ReadMemory at 0x7ffc19a00a00 of 18 bytes failed: Only part of a ReadProcessMemory or WriteProcessMemory request was completed. (0x12B)
[0102/233714.984:ERROR:process_memory_win.cc(73)] ReadMemory at 0x7ffc19a354f8 of 40 bytes failed: Only part of a ReadProcessMemory or WriteProcessMemory request was completed. (0x12B)
[0102/233714.984:ERROR:process_memory_win.cc(73)] ReadMemory at 0x7ffc19a35560 of 48 bytes failed: Only part of a ReadProcessMemory or WriteProcessMemory request was completed. (0x12B)
[0102/233714.984:ERROR:process_memory_win.cc(73)] ReadMemory at 0x7ffc19a35978 of 48 bytes failed: Only part of a ReadProcessMemory or WriteProcessMemory request was completed. (0x12B)
[0102/233714.984:ERROR:process_memory_win.cc(73)] ReadMemory at 0x7ffc19a39ce0 of 40 bytes failed: Only part of a ReadProcessMemory or WriteProcessMemory request was completed. (0x12B)
[0102/233714.984:ERROR:process_memory_win.cc(73)] ReadMemory at 0x7ffc19a39e40 of 192 bytes failed: Only part of a ReadProcessMemory or WriteProcessMemory request was completed. (0x12B)
[0102/233714.985:ERROR:process_memory_win.cc(73)] ReadMemory at 0x7ffc19a39f30 of 48 bytes failed: Only part of a ReadProcessMemory or WriteProcessMemory request was completed. (0x12B)
[0102/233714.985:ERROR:process_memory_win.cc(73)] ReadMemory at 0x7ffc19a39f90 of 48 bytes failed: Only part of a ReadProcessMemory or WriteProcessMemory request was completed. (0x12B)
[0102/233714.985:ERROR:process_memory_win.cc(73)] ReadMemory at 0x7ffc19a3b4c0 of 64 bytes failed: Only part of a ReadProcessMemory or WriteProcessMemory request was completed. (0x12B)
[0102/233714.996:ERROR:scoped_process_suspend.cc(40)] NtResumeProcess: An attempt was made to access an exiting process. (0xc000010a)
